여러 테이블 열에 걸친 *다변량 통계*를 수집하는 것도 가능하다. 
전제 조건으로, `CREATE STATISTICS` 명령어를 사용해 해당 통계를 수동으로 생성해야 한다. 

PostgreSQL은 3가지 유형의 다변량 통계를 구현한다.


## Functional Dependencies Between Columns

한 열이 다른 열의 값에 (완전히 혹은 부분적으로) 의존하고 필터 조건이 이 두 컬럼을 포함할 경우, cardinality는 과소추정될 수 있다.

두 가지 필터 조건이 포함된 쿼리를 살펴보자  :

```sql
=> SELECT count(*) FROM flights
   WHERE flight_no = 'PG0007' AND departure_airport = 'VKO';

 count
-------
  396
(1 row)
```

값이 크게 과소 추정되었다 : 

```sql
=> EXPLAIN SELECT * FROM flights
   WHERE flight_no = 'PG0007' AND departure_airport = 'VKO';

QUERY PLAN
---------------------------------------------------------
Bitmap Heap Scan on flights
(cost=10.49..816.84 rows=15 width=63)
  Recheck Cond: (flight_no = 'PG0007'::bpchar)
  Filter: (departure_airport = 'VKO'::bpchar)
  -> Bitmap Index Scan on flights_flight_no_scheduled_departure_key
     (cost=0.00..10.49 rows=276 width=0)
     Index Cond: (flight_no = 'PG0007'::bpchar)
(6 rows)

```

이것은 *correlated predicates*에 대해 잘 알려진 문제이다. 플래너는 조건들이 서로 독립적이라고 가정하기 때문에, 논리적 AND로 결합된 필터  조건들의 전체 선택도는 각 조건의 선택도를 곱한 값으로 추정된다.
위의 실행 계획은 이 문제를 명확하게 보여준다 *Bitmap Index Scan*노드에서 *flight_no* 열에 대한 조건으로 추정된 값은  *Bitmap Heat Scan* 노드에서  *departure_airport* 컬럼으로 필터링할 때 크게 감소된다.


그러나, 우리는 항공편 번호에 의해 공항이 명확하게 정의된다는 것을 안다 : 즉 두번째 조건은 실질적으로 불필요하다(물론 공항 이름에 실수가 없는 한). 이러한 경우, 우리는 함수적 종속성에 대한 확장 통계를 적용하여 추정을 개선할 수 있다.

두 열 간의 함수적 종속성에 대해 확장된 통계를 생성해보자 : 

```sql
=> CREATE STATISTICS flights_dep(dependencies)
   ON flight_no, departure_airport FROM flights;

```

다음 분석 실행은 이 통계를 수집하고, 추정이 개선된다  :

```sql
=> ANALYZE flights;
=> EXPLAIN SELECT * FROM flights
   WHERE flight_no = 'PG0007'
   AND departure_airport = 'VKO';

QUERY PLAN
------------------------------------------------------
Bitmap Heap Scan on flights
(cost=10.57..819.51 rows=277 width=63)
  Recheck Cond: (flight_no = 'PG0007'::bpchar)
  Filter: (departure_airport = 'VKO'::bpchar)
  -> Bitmap Index Scan on flights_flight_no_scheduled_departure_key
     (cost=0.00..10.50 rows=277 width=0)
     Index Cond: (flight_no = 'PG0007'::bpchar)
(6 rows)

```

수집된 통계는 시스템 카탈로그에 저장되며, 다음과 같이 접근할 수 있다 : 
```sql
=> SELECT dependencies
   FROM pg_stats_ext WHERE statistics_name = 'flights_dep';

 dependencies
--------------------------------------
 {"2 => 5": 1.000000, "5 => 2": 0.010200}
(1 row)

```

여기서 2와 5는 *pg_attributes* 테이블에 저장된 열 번호이며, 해당 값들은 함수적 종속성의 정도를 나타낸다 : 이 값은 0(종속성 없음) 부터 1(두 번째 열의 값이 첫 번째 열의 값에 완전히 종속됨)까지 정의된다.


## Multivariate Number of Distinct Values

서로 다른 컬럼에 속해 있는 값들의 고유 조합의 개수는  여러 열에 대해 `GROUP BY` 연산을 수행할 때 cardinality 추정을 개선한다.

예를 들어, 도착지와 출발지에 대한 가능한 조합의 추정 개수는 총 개수의 제곱이지만 ; 실제로는 모든 공항이 연결되어 있지 않기 때문에 더 적다 :


```sql
=> SELECT count(*)
   FROM (
   SELECT DISTINCT departure_airport, arrival_airport FROM flights
   ) t;
 count
-------
  618
(1 row)


=> EXPLAIN SELECT DISTINCT departure_airport, arrival_airport
   FROM flights;

QUERY PLAN
----------------------------------------------------------
HashAggregate
(cost=5847.01..5955.16 rows=10816 width=8)
  Group Key: departure_airport, arrival_airport
  -> Seq Scan on flights
     (cost=0.00..4772.67 rows=214867 width=8)
(3 rows)

```

고유한 값에 대한 확장된 통게를 정의하고 수집해 보자 : 

```sql
=> CREATE STATISTICS flights_nd(ndistinct)
   ON departure_airport, arrival_airport FROM flights;

=> ANALYZE flights;

```

cardinality 추정이 개선되었다 : 

```sql
=> EXPLAIN SELECT DISTINCT departure_airport, arrival_airport
   FROM flights;

QUERY PLAN
-----------------------------------------------------------
HashAggregate
(cost=5847.01..5853.19 rows=618 width=8)
  Group Key: departure_airport, arrival_airport
  -> Seq Scan on flights
     (cost=0.00..4772.67 rows=214867 width=8)
(3 rows)

```

수집된 통계는 시스템 카탈로그에서 확인할 수 있다 : 

```sql
=> SELECT n_distinct
   FROM pg_stats_ext WHERE statistics_name = 'flights_nd';

 n_distinct
------------
 {"5, 6": 618}
(1 row)

```

## Multivariate MCV Lists

값들의 분포가 고르지 않다면, 함수적 종속성에만 의존하는 것은 충분하지 않다. 추정 정확도는 특정 쌍 값에 크게 의존하게 된다.
예를 들어, 플래너는 Sheremetyevo 공항에서 보잉737이 수행한 비행 수를 과소평가할 수 있다 :

```sql
=> SELECT count(*) FROM flights
   WHERE departure_airport = 'SVO' AND aircraft_code = '733';

 count
-------
  2037
(1 row)



=> EXPLAIN SELECT * FROM flights
   WHERE departure_airport = 'SVO' AND aircraft_code = '733';

QUERY PLAN
----------------------------------------------------------
Seq Scan on flights (cost=0.00..5847.00 rows=736 width=63)
  Filter: ((departure_airport = 'SVO'::bpchar) AND (aircraft_cod...)
(2 rows)
```

이 경우엔, multivariate MVC 배열에 대한 통계를 수집하여 추정을 개선할 수 있다. [^1]

```sql
=> CREATE STATISTICS flights_mcv(mcv)
   ON departure_airport, aircraft_code FROM flights;

=> ANALYZE flights;

=> EXPLAIN SELECT * FROM flights
   WHERE departure_airport = 'SVO' AND aircraft_code = '733';

QUERY PLAN
----------------------------------------------------------
Seq Scan on flights (cost=0.00..5847.00 rows=1927 width=63)
  Filter: ((departure_airport = 'SVO'::bpchar) AND (aircraft_cod...)
(2 rows)
```

이 추청치를 얻기 위해, 플래너는 *system catalog*에 저장된 frequency 값을 참고한다 : 

```sql
=> SELECT values, frequency
   FROM pg_statistic_ext stx
   JOIN pg_statistic_ext_data stxd ON stx.oid = stxd.stxoid,
   pg_mcv_list_items(stxdmcv) m
   WHERE stxname = 'flights_mcv'
   AND values = '{SVO,773}';

 values     | frequency
------------+-------------------------
 {SVO,773}  | 0.005266666666666667
(1 row)
```

일반 MVC 배열처럼, multivariate 배열은 *default_statistics_target* 값 (매개변수가 열 수준에서 설정된 경우, 가장 큰 값이 사용된다) 표현식 통계에 대해서도 확장 통계와 같이 처리된다.

만약 필요하다면, 확장된 통계 표현처럼 배열의 크기를 바꿀 수 있다 :

```sql
ALTER STATISTICS ... SET STATISTICS ...;
```

이 모든 예제에서, 오직 2개의 컬럼만 사용했지만, 더 많은 열에 대해서도 다변량 통계를 사용할 수 있다.
여러 유형의 통계를 하나의 객체에 결합하려면, 쉼표로 구분된 통계 유형 목록을 제공할 수 있다. 만약 통계 유형을 명시하지 않으면, PostgreSQL은 지정된 열에 대한 가능한 모든 유형의 통계를 수집한다.

실제 열 이름 외에도, 다변량 통계는 표현식 통계와 마찬가지로 임의의 표현식을 사용할 수 있다.





[^1]:[backend/statistics/README.mcv](https://git.postgresql.org/gitweb/?p=postgresql.git;a=blob;f=src/backend/statistics/README.mcv;hb=REL_14_STABLE)
[backend/statistics/mcv.c](https://git.postgresql.org/gitweb/?p=postgresql.git;a=blob;f=src/backend/statistics/mcv.c;hb=REL_14_STABLE)