스토리지 엔진은 데이터의 물리적 레이아웃을 정의하고, 해당 데이터에 대한 접근 방식을 제공한다. 지원되는 유일한 접근 방식은 *Sequential Scan*으로, 파일을 테이블의 메인 포크에서 파일을 전체적으로 읽는다. 읽은 각 페이지에서, 각 튜플의 가시성이 확인되며 :  쿼리를 만족하지 않는 튜플들은 필터링된다.

![](image/Pasted%20image%2020241018095839.png)

스캔 프로세스는 버퍼 캐시를 통해 이루어진다 ; 큰 테이블이 유용한 데이터를 밀어내지 않게 보장하기 위해,  작은 buffer ring이 사용된다. 테이블을 스캔하는 다른 프로세스들도 버퍼 링에 합류하여, 추가적인 디스크 읽기를 피할 수 있다 ;
이러한 스캔을 *synchronized* 라고 부른다. 따라서 스캔은 항상 파일의 첫 지점부터 시작하지 않아도 된다.

순차 스캔은 전체 테이블이나 그 대부분을 읽는 데 가장 효율적인 방식이다. 다시 말해, 순차 스캔은  선택도가 낮을 때 가장 큰 가치를 발휘한다(선택도가 높아 쿼리가 소수의 행만 선택해야 할 경우엔 인덱스를 사용하는 것이 좋다).

## Cost Estimation

쿼리 실행 계획에서, 순차 스캔은 *Seq Scan* 노드로 표시된다 : 

```sql
=> EXPLAIN SELECT * 
   FROM flights;

QUERY PLAN
--------------------------------------------------------
Seq Scan on flights
(cost=0.00..4772.67 rows=214867 width=63)
(1 row)
```

추청된 행 수는 기본 통계의 일부로 제공된다 :

```sql
=> SELECT reltuples FROM pg_class WHERE relname = 'flights';

 reltuples
------------
  214867
(1 row)

```

비용을 추정할 때, optimizer는 두 요소를 고려한다 : **disk I/O, CPU 자원**


 **I/O cost**
i/o 코스트는 테이블의 페이지 수와, 페이지를 순차적으로 읽는다고 가정했을 때 한 페이지를 읽는 비용을 곱하여 계산된다.
버퍼 매니저가 페이지를 요청할 때, 운영체제는 실제로 더 많은 데이터를 디스크에서 읽으므로, 이후의 여러 페이지가 운영 체제 캐시에 있을 가능성이 훨씬 높다.
그래서, 순차 스캔을 사용해 단일 페이지를 읽는 것의 비용은(플래너가 *seq_page_cost* 값으로 추정) 랜덤 엑세스 비용(*random_page_cost* 값으로 정의됨)보다 낮다.

기본 설정은 HDD에 적합하게 동작한다; 만약 SSD를 사용하고 있다면, *random_page_cost* 값을 크게 줄이는 것이 합리적이다(*seq_page_cost* 파라미터는 보통 그대로 두어 참조 값으로 사용된다.) 이 두 파라미터 간의 최적 비용은 하드웨어에 따라 달라지므로, 보통 테이블스페이스 수준에서 사용된다. (`ALTER TABLESPACE ... SET`)

```sql
=> SELECT relpages,
          current_setting('seq_page_cost') AS seq_page_cost,
          relpages * current_setting('seq_page_cost')::real AS total
   FROM pg_class WHERE relname = 'flights';

relpages | seq_page_cost | total
---------+---------------+--------
    2624 | 1             | 2624
(1 row)

```

이 계산은 vacuuming 작업이 제 때 이루어지지 않아 테이블 팽창이 발생했을 때의 결과를 명확히 보여준다 : 테이블의 main fork가 커질수록, 그 안에 있는 실제 유효한 튜플의 수와 상관없이 더 많은 페이지를 스캔해야 한다.

**CPU resource estimation**
cpu 자원 추정은 각 튜플을 처리하는 비용으로 구성된다 (플래너가 *cpu_tuple_cost : 0.01* 로 추정한다) : 

```sql
=> SELECT reltuples,
          current_setting('cpu_tuple_cost') AS cpu_tuple_cost,
          reltuples * current_setting('cpu_tuple_cost')::real AS total
   FROM pg_class WHERE relname = 'flights';

 reltuples | cpu_tuple_cost | total
-----------+----------------+--------
    214867 | 0.01           | 2148.67
(1 row)

```

이 두 추정치의 값의 합이 *총 계획 비용*이다. startup cost는 0인데, 순차 스캔은 사전 작업이 필요하지 않다.

스캔된 테이블이 필터링 되어야 하는 경우, 적용된 필터 조건은 *Seq Scan* 노드의 *Filter* 섹션에 계획으로 나타난다. 추정된 행 수는 이러한 조건들의 선택도에 따라 달라지며, 비용 추정에는 이와 관련된 계산 비용도 포함된다.

`EXPLAIN ANALYZE` 커맨드는 실제로 반환된 행의 수와 필터링된 행의 수를 모두 포함한다 : 
```sql
=> EXPLAIN (analyze, timing off, summary off)
   SELECT * FROM flights
   WHERE status = 'Scheduled';

QUERY PLAN
-----------------------------------------------------
Seq Scan on flights
(cost=0.00..5309.84 rows=15383 width=63)
(actual rows=15383 loops=1)
Filter: ((status)::text = 'Scheduled'::text)
Rows Removed by Filter: 199484
(5 rows)
```

다음은 집계를 사용하는 더 복잡한 실행 계획의 예이다 : 

```sql
=> EXPLAIN SELECT count(*) FROM seats;

QUERY PLAN
---------------------------------------------------
Aggregate
 (cost=24.74..24.75 rows=1 width=8)
 -> Seq Scan on seats
    (cost=0.00..21.39 rows=1339 width=0)
(2 rows)

```

이 계획은 두 노드로 구성된다 : 상위 노드(Aggregate)는 count 함수를 계산하고, 테이블을 스캔하는 하위 노드(Seq scan) 에서 데이터를 가져온다 [^2] :

```sql
=> SELECT reltuples,
          current_setting('cpu_operator_cost') AS cpu_operator_cost,
          round((reltuples * current_setting('cpu_operator_cost')::real)::numeric, 2) AS cpu_cost
   FROM pg_class WHERE relname = 'seats';

 reltuples | cpu_operator_cost | cpu_cost
-----------+-------------------+----------
      1339 | 0.0025            | 3.35
(1 row)
```

받은 추정치는 Seq Scan 노드의 총 비용에 추가된다.

또한 집계 노드의 총 코스트에는 반환할 행을 처리하는 비용도 포함되며, 이는 *cpu_tuple_cost*로 추정된다 : 

```sql
=> WITH t(cpu_cost) AS (
   SELECT round((reltuples * current_setting('cpu_operator_cost')::real)::numeric, 2)
   FROM pg_class WHERE relname = 'seats'
)
SELECT 21.39 + t.cpu_cost AS startup_cost,
       round((21.39 + t.cpu_cost + 1 * current_setting('cpu_tuple_cost')::real)::numeric, 2) AS total_cost
FROM t;

 startup_cost | total_cost
--------------+------------
        24.74 | 24.75
(1 row)
```

이와 같이, 비용 추정은 의존성은 다음과 같은 그림으로 나타난다 : 
![](image/Pasted%20image%2020241018104220.png)


[^1]:[backend/optimizer/path/costsize.c, cost_seqscan function](https://git.postgresql.org/gitweb/?p=postgresql.git;a=blob;f=src/backend/optimizer/path/costsize.c;hb=REL_14_STABLE)

[^2]:[backend/optimizer/path/costsize.c, cost_agg function](https://git.postgresql.org/gitweb/?p=postgresql.git;a=blob;f=src/backend/optimizer/path/costsize.c;hb=REL_14_STABLE)