
## Number of Background Workers

프로세스 수는 3가지 파라미터의 계층 구조에 의해 정의된다. 동시에 실행될 수 있는 백그라운드 워커의 최대 수는 *max_worker_processes* 값에 의해 정의된다.

그러나,병렬 쿼리 실행은 백그라운드 워커가 필요한 유일한 작업이 아니다. 예를 들어, 논리적 복제에도 사용된다. 병렬 실행 계획에 할당되는 파라미터  수는 *max_parallel_worker* 값에 의해 제한된다.

이 숫자 중에서, 한 리더 프로세스에 할당될 수 있는 최대 프로세스 수는  *max_parallel_workers_per_gather*에 의해 제한된다.

이 파라미터 값의 선택은 다음 요인에 따라 달라진다  :
- 하드웨어 성능 : 시스템에 병렬 실행을 위한 여유 코어가 있어야 한다.
- 테이블 크기 : 데이터베이스에 대형 테이블이 있어야 한다
- 일반적인 부하 : 병렬 실행의 이점을 얻을 수 있는 쿼리가 있어야 한다.

이 기준은 일반적으로 OLAP 시스템에서 충족되며, OLTP 시스템에서는 그렇지 않다.
플래너는 읽어야 할 데이터의 크기가  *min_parallel_table_scan_size*를 초과하지 않으면 병렬 실행을 고려하지 않는다.

특정 테이블에 대해 명시적으로 프로세스 수를 설정하지 않은 경우, 병렬 워커 수는 다음 공식에 따라 계산된다 : 
$1 + \left\lfloor \log_3 \left( \frac{\text{table size}}{\text{min\_parallel\_table\_scan\_size}} \right) \right\rfloor
$

이 수식은 각 테이블이 3배 증가할 때마다, PostgreSQL이 병렬 워커를 추가로 할당한다는 의미이다. 기본 세팅은 다음과 같다  :

|table(MB)|number of process|
|:--:|:--:|
|8|1|
|24|2|
|72|3|
|216|4|
|648|5|

모든 경우에, 병렬 워커의 수는 *max_parallel_workers_per_gather*로 정의된 수를 넘을 수 없다.

만약 테이블이 19MB의 작은 테이블을 쿼리한다면, 오직 하나의 워커만 계획되고 실행된다.

```sql
=> EXPLAIN (analyze, costs off, timing off, summary off)
   SELECT count(*) FROM flights;

QUERY PLAN
--------------------------------------------------------
Finalize Aggregate (actual rows=1 loops=1)
 -> Gather (actual rows=2 loops=1)
    Workers Planned: 1
    Workers Launched: 1
     -> Partial Aggregate (actual rows=1 loops=2)
        -> Parallel Seq Scan on flights (actual rows=107434 ...)
(6 rows)

```

105MB 테이블에 대한 쿼리는 2개의 프로세스만 가지며, 이는 *max_parallel_workers_per_gather*의 제한에 걸렸기 때문이다  :

```sql
=> EXPLAIN (analyze, costs off, timing off, summary off)
   SELECT count(*) FROM bookings;

QUERY PLAN
---------------------------------------------------------
Finalize Aggregate (actual rows=1 loops=1)
 -> Gather (actual rows=3 loops=1)
    Workers Planned: 2
    Workers Launched: 2
     -> Partial Aggregate (actual rows=1 loops=3)
        -> Parallel Seq Scan on bookings (actual rows=703703 ...)
(6 rows)

```

만약 우리가 제한을 없애면, 예상대로 3개의 프로세스를 사용한다  :

```sql
=> ALTER SYSTEM SET max_parallel_workers_per_gather = 4;
=> SELECT pg_reload_conf();

=> EXPLAIN (analyze, costs off, timing off, summary off)
   SELECT count(*) FROM bookings;

QUERY PLAN
---------------------------------------------------------
Finalize Aggregate (actual rows=1 loops=1)
 -> Gather (actual rows=4 loops=1)
    Workers Planned: 3
    Workers Launched: 3
     -> Partial Aggregate (actual rows=1 loops=4)
        -> Parallel Seq Scan on bookings (actual rows=527778 ...)
(6 rows)

```

만약 쿼리 실행 중에 사용할 수 있는 수가 계획된 값보다 적은 경우, 사용 가능한 워커 수만 실행된다.

총 병렬 프로세스 수를 5로 제한하고 두 개의 쿼리를 동시에 실행해보자 : 

```sql
=> ALTER SYSTEM SET max_parallel_workers = 5;
=> SELECT pg_reload_conf();
=> EXPLAIN (analyze, costs off, timing off, summary off)
   SELECT count(*) FROM bookings;

```

```sql
--another
		=> EXPLAIN (analyze, costs off, timing off, summary off)
		   SELECT count(*) FROM bookings;
		
		QUERY PLAN
		---------------------------------------------------------
		Finalize Aggregate (actual rows=1 loops=1)
		 -> Gather (actual rows=3 loops=1)
		    Workers Planned: 3
		    Workers Launched: 2
		     -> Partial Aggregate (actual rows=1 loops=3)
		        -> Parallel Seq Scan on bookings (actual rows=7037 ...)
		(6 rows)

```

```sql
QUERY PLAN
---------------------------------------------------------
Finalize Aggregate (actual rows=1 loops=1)
 -> Gather (actual rows=4 loops=1)
    Workers Planned: 3
    Workers Launched: 3
     -> Partial Aggregate (actual rows=1 loops=4)
        -> Parallel Seq Scan on bookings (actual rows=527778 ...)
(6 rows)

```

두 경우 모드 3개의 프로세스가 예상되었지만, 하나의 쿼리는 2개의 슬롯만 확보했다.

기본 설정으로 되돌아가자 : 

```sql
=> ALTER SYSTEM RESET ALL;
=> SELECT pg_reload_conf();
```

## Non-Parallelizable Queries
모든 쿼리가 병렬화될 수 있는 것은 아니다. [^1] 특히, 병렬 실행 계획을 세울 수 없는 쿼리는 다음과 같다 : 

- 데이터를 수정하거나 잠그는 쿼리 (`UPDATE` , `DELETE` , `SELECT FOR UPDATE`, `LIKE`)
이 제한은 다음 명령 내에서의 서브쿼리에서는 포함되지 않는다.
	- `CREATE TABLE AS` , `SELECT INTO`, `CREATE MATERIALIZED VIEW`
	-  `REFRESH MATERIALIZED VIEW`
그러나, 이런 경우에도 행 삽입은 여전히 순차적으로 수행된다.

- 중단될 수 있는 쿼리. 이는 쿼리 내에서 실행되는 커서나 PL/SQL의 FOR 루프 내 쿼리에 적용된다.
- *PARALLEL UNSAFE* 함수를 호출하는 쿼리. 기본적으로, 모든 사용자 정의 함수와 몇 표준 함수가 허용된다. 시스템 카탈로그를 통해 이 목록을 확인할 수 있다 : 
	```sql
	SELECT * FROM pg_proc WHERE proparallel = 'u';
	```

- 병렬 쿼리에서 호출 된 함수 내 쿼리.(워커 프로세스의 재귀적 증가를 피하기 위해)


이러한 제한 중 일부는 PostgreSQL의 향후 버전에서 제거될 수 있다. 예를 들어, Serializable 격리 수준에서 쿼리를 병렬화하는 기능은 이미 구현되었다.
> INSERT, COPY 등의 명령을 사용한 행의 병렬 삽입 기능은 현재 개발중이다.

쿼리가 병렬화되지 않는 여러 이유가 있을 수 있다 : 
- 이 유형의 쿼리가 병렬 처리를 전혀 지원하지 않은 경우
- 서버 구성에 의해 병렬 계획 사용이 금지된 경우 (예: 테이블 크기 제한)
- 병렬 계획이 순차 실행보다 비용이 높은 경우

쿼리가 병렬화 될 수 있는지 확인하려면,  일시적으로 *force_parallel_mode* 파라미터를 켜서 확인할수 있다. 그러면 플래너가 가능한 경우 병렬 계획을 생성하게 된다 :

```sql
=> EXPLAIN SELECT * FROM flights;

QUERY PLAN
------------------------------------------------
Seq Scan on flights
(cost=0.00..4772.67 rows=214867 width=63)
(1 row)


--------------------------------------------------------------
--------------------------------------------------------------

=> SET force_parallel_mode = on;  --강제로 병렬실행하게
=> EXPLAIN SELECT * FROM flights;

QUERY PLAN
------------------------------------------------
Gather
(cost=1000.00..27259.37 rows=214867 width=63)
Workers Planned: 1
Single Copy: true
 -> Seq Scan on flights
    (cost=0.00..4772.67 rows=214867 width=63)
(4 rows)

```


## Parallel Restricted Queries

병렬 처리 부분이 클수록, 더 많은 성능 향상을 기대할 수 있다. 
그러나, 특정 작업은 병렬 처리와 충돌하지 않더라도 리더 프로세스만 순차적으로 실행 [^2] 하기도 한다. 
다시 말해, 이러한 작업은 Gather 노드 아래에 나타날 수 없다.

###  Non-expandable subqueries
확장 불가능한 서브쿼리의 가장 명백한 예는 CTE 결과를 스캔하는 작업이다 [^3]. 이는 CTE Scan 노드로 나타난다 : 

```sql
=> EXPLAIN (costs off)
   WITH t AS MATERIALIZED (
   )SELECT * FROM flights
   SELECT count(*) FROM t;

QUERY PLAN
-------------------------------------
Aggregate
CTE t
 -> Seq Scan on flights
 -> CTE Scan on t
(4 rows)

```

CTE가 물리적으로 저장되지 않는 경우, 실행 계획에는 CTE Scan 노드가 포함되지 않으므로, 해당 제한이 적용되지 않는다.

그러나, CTE 자체가 더 저렴하게 계산될 수 있다면, 병렬 모드로 계산될 수도 있다 : 

```sql
=> EXPLAIN (costs off)
   WITH t AS MATERIALIZED (
   )SELECT count(*) FROM flights
   SELECT * FROM t;

QUERY PLAN
-----------------------------------------------
CTE Scan on t
CTE t
 -> Finalize Aggregate
 -> Gather
    Workers Planned: 1
     -> Partial Aggregate
        -> Parallel Seq Scan on flights
(7 rows)

```

또 다른 확장 불가능한 서브쿼리의 예시는 아래 실행 계획에서 *SubPlan* 노드로 나타난 경우이다 : 

```sql
=> EXPLAIN (costs off)
   SELECT * FROM flights f
   WHERE f.scheduled_departure > ( -- SubPlan
      SELECT min(f2.scheduled_departure)
      FROM flights f2
      WHERE f2.aircraft_code = f.aircraft_code
   );

QUERY PLAN
---------------------------------------------------
Seq Scan on flights f
  Filter: (scheduled_departure > (SubPlan 1))
  SubPlan 1 ------subplan
    -> Aggregate
    -> Seq Scan on flights f2
       Filter: (aircraft_code = f.aircraft_code)
(6 rows)

```

첫 두줄은 메인쿼리의 계획을 나타낸다 : *flights* 테이블이 순차적으로 스캔되며, 각 행이 주어진 필터 조건에 따라 확인된다. 필터 조건에는 서브쿼리가 포함되어 있으며, 이 서브쿼리의 실행 계획은 세번째 줄부터 시작된다. 
따라서 *SubPlan* 노드는 이 경우엔 순차적 스캔을 통해 가져온 각 행마다 여러번 실행된다.

마지막이지만 중요하게, *InitPlan* 노드로 표현되는 또 다른 확장 불가능한 서브쿼리의 예시가 있다 : 

```sql
=> EXPLAIN (costs off)
   SELECT * FROM flights f
   WHERE f.scheduled_departure > ( -- SubPlan
      SELECT min(f2.scheduled_departure)
      FROM flights f2
      WHERE EXISTS ( -- InitPlan
         SELECT *
         FROM ticket_flights tf
         WHERE tf.flight_id = f.flight_id
      )
   );

QUERY PLAN
-------------------------------------------------
Seq Scan on flights f
  Filter: (scheduled_departure > (SubPlan 2))
  SubPlan 2 
    -> Finalize Aggregate
    InitPlan 1 (returns $1)
      -> Seq Scan on ticket_flights tf
         Filter: (flight_id = f.flight_id)
    -> Gather
       Workers Planned: 1
       Params Evaluated: $1
         -> Partial Aggregate
         -> Result
            One-Time Filter: $1
            -> Parallel Seq Scan on flights f2
(14 rows)

```

![](_static/Pasted%20image%2020241018143454.png)

*SubPlan* 노드와 달리, *InitPlan*은 단 한 번만 평가된다(이 예시에서는 subPlan 2 노드가 실행된다).

*InitPlan*의 부모 노드는 병렬 처리에 참여하지 못한다(그러나 InitPlan 평가 결과를 받는 노드들은 이 예시처럼 병렬 실행에 참여할 수 있다).


## Temporary tables

임시 테이블은 병렬 스캐닝을 지원하지 않는다. 임시 테이블은 그것을 생성한 프로세스만 접근할 수 있기 때문이다. 해당 페이지는 로컬 버퍼 캐시에서 처리된다.
로컬 캐시를 여러 프로세스에서 접근할 수 있도록 하려면, 공유 캐시에서처럼 잠금 메커니즘이 필요한데, 이는 로컬 캐시의 이점을 없앤다.

```sql
=> CREATE TEMPORARY TABLE flights_tmp AS SELECT * FROM flights;
=> EXPLAIN (costs off)
   SELECT count(*) FROM flights_tmp;

QUERY PLAN
-------------------------------
Aggregate
 -> Seq Scan on flights_tmp
(2 rows)

```

## Parallel restricted functions

`PARALLEL RESTRICTED로 정의된 함수는 플랜의 순차적 부분에서만 허용된다. 이러한 쿼리를 시스템 카탈로그에서 확인할 수 있다: 

```sql
SELECT * FROM pg_proc WHERE proparallel = 'r';
```

함수를 병렬 제한으로 설정할 때는, 모든 제한을 충분히 인지하고, 적용된 제한 사항을 철저히 검토한 후 결정하자.


[^1]:https://www.postgresql.org/docs/14/when-can-parallel-query-be-used.html
[^2]:https://www.postgresql.org/docs/14/parallel-safety.html
[^3]:[backend/optimizer/plan/subselect.c](https://git.postgresql.org/gitweb/?p=postgresql.git;a=blob;f=src/backend/optimizer/plan/subselect.c;hb=REL_14_STABLE)