
GIN 접근 메서드는 항상 결과를 비트맵 형태로 반환한다 ; TID를 하나씩 가져오는건 불가능하다.
다른 말로, *Bitmap Scan* 속성은 지원되지만, *Index Scan* 속성은 지원되지 않는다.

이 이유는 연기된 업데이트의 비정렬 리스트 때문이다. 인덱스 접근 시, 이 리스트가 스캔되어 비트맵을 생성한 후, 그 비트맵이 트리의 데이터로 업데이트된다.
만약 비정렬 리스트가 트리와 병합되면 (인덱스 업데이트나 vacuuming중 발생), 동일한 값이 두 번 반환될 수 있는데, 이는 허용되지 않는다.
그러나 비트맵의 경우 문제가 되지 않으며, 동일한 비트가 단순히 두 번 설정될 뿐이다.

따라서, `LIMIT`절을`GIN` 인덱스와 함께 사용하는 것은 효율적이지 않다. 비트맵을 여전히 완전히 구축해야 하며, 이는 총 비용에 상당한 영향을 미친다.

```sql
=> EXPLAIN SELECT * FROM mail_messages
   WHERE tsv @@ to_tsquery('hacker')
   LIMIT 1000;

QUERY PLAN
----------------------------------------------------------------------------------------
Limit
   (cost=481.41..1964.22 rows=1000 width=1258)
   -> Bitmap Heap Scan on mail_messages
      (cost=481.41..74939.28 rows=50214 width=1258)
         Recheck Cond: (tsv @@ to_tsquery('hacker'::text))
         -> Bitmap Index Scan on mail_gin_idx
            (cost=0.00..468.85 rows=50214 width=0)
            Index Cond: (tsv @@ to_tsquery('hacker'::text))
(7 rows)
```

따라서, GIN 방식은 인덱스 스캔에서 반환되는 결과 수를 제한하는 특수 기능을 제공한다. 이 제한은 기본적으로 꺼져 있는 *gin_fuzzy_search_limit* 파라미터에 의해 설정된다.
파라미터가 활성화되면, 인덱스 접근 방식이 지정된 행 수에 가까운 결과를 얻기 위해 일부 값을 무작위로 건너뛰게 된다(그래서 "fuzzy"): [^1]

```sql
=> SET gin_fuzzy_search_limit = 1000;
=> SELECT count(*)
   FROM mail_messages
   WHERE tsv @@ to_tsquery('hacker');

count
------
727
(1 row)

=> SELECT count(*)
   FROM mail_messages
   WHERE tsv @@ to_tsquery('hacker');

count
------
791
(1 row)

=> RESET gin_fuzzy_search_limit;
```

여기서 주목할 점은 이러한 쿼리들에 `LIMIT` 절이 없다는 것이다. 인덱스 스캔과 힙 스캔을 사용할 때 서로 다른 데이터를 얻는 유일한 방법이다.
플래너는 GIN 인덱스의 이러한 동작을  알지 못하며, 비용을 추정할 때 이 매개변수를 고려하지 않는다.



[^1]:[ backend/access/gin/ginget.c, dropItem macro](https://git.postgresql.org/gitweb/?p=postgresql.git;a=blob;f=src/backend/access/gin/ginget.c;hb=REL_14_STABLE)