만약 집합중 하나(또는 둘다) 조인키로 정렬되지 않은 경우, 조인 작업이 시작되기 전에 재정렬되야 한다. 이 정렬 작업은 *Sort* 노드로 표현된다 [^1] :

```sql
=> EXPLAIN (costs off)
SELECT * 
FROM flights f
JOIN airports_data dep ON f.departure_airport = dep.airport_code
ORDER BY dep.airport_code;

QUERY PLAN
──────────────────────────────────────────────────────────
Merge Join
  -> Sort
  -> Sort
Merge Cond: (f.departure_airport = dep.airport_code)
Sort Key: f.departure_airport
  -> Seq Scan on flights f
Sort Key: dep.airport_code
  -> Seq Scan on airports_data dep
(8 rows)
```

정렬 작업은 조인 문맥 외에서도 `ORDER BY` 절이 지정된 경우 또는 윈도우 함수 내부에서도 적용될 수 있다 : 

```sql
=> EXPLAIN (costs off)
SELECT flight_id,
row_number() OVER (PARTITION BY flight_no ORDER BY flight_id)
FROM flights f;

QUERY PLAN
──────────────────────────────────────────────────────────
WindowAgg
  -> Sort
Sort Key: flight_no, flight_id
  -> Seq Scan on flights f
(4 rows)
```

여기서 *WindowAgg* 노드는 Sort 노드에 의해 미리 정렬된 데이터 집합에 대해 윈도우 함수를 계산한다.

플래너는  여러가지 정렬 방법을 사용할 수 있다. 이 예시에서는 두가지 정렬 방법이 사용되었다.
이러한 세부 사항은  평소처럼 `EXPLAIN ANALYZE` 명령어로 나타낼 수 있다 : 

```sql
=> EXPLAIN (analyze, costs off, timing off, summary off)
SELECT * 
FROM flights f
JOIN airports_data dep ON f.departure_airport = dep.airport_code
ORDER BY dep.airport_code;

QUERY PLAN
──────────────────────────────────────────────────────────
Merge Join (actual rows=214867 loops=1)
  Merge Cond: (f.departure_airport = dep.airport_code)

  -> Sort (actual rows=214867 loops=1)
     Sort Key: f.departure_airport 
     Sort Method: external merge  Disk: 17136kB --
     -> Seq Scan on flights f (actual rows=214867 loops=1)

  -> Sort (actual rows=104 loops=1)
     Sort Key: dep.airport_code 
     Sort Method: quicksort  Memory: 52kB --
     -> Seq Scan on airports_data dep (actual rows=104 loops=1)
(10 rows)
```



[^1]:[backend/executor/nodeSort.c](https://git.postgresql.org/gitweb/?p=postgresql.git;a=blob;f=src/backend/executor/nodeSort.c;hb=REL_14_STABLE)
[^2]:[backend/executor/nodeWindowAgg.c](https://git.postgresql.org/gitweb/?p=postgresql.git;a=blob;f=src/backend/executor/nodeWindowAgg.c;hb=REL_14_STABLE)