

정렬은 동시에 수행될 수 있다. 하지만 병렬 작업자들이 자신들의 데이터 몫을 미리 정렬하더라도, *Gather*노드는 그들의 정렬 순서에 대해 알지 못하고, 단지 도착한 순서대로 데이터를 수집할 수 있다. 
정렬 순서를 유지하기 위해서, 실행자가 *Gather Merge*노드를 적용해야 한다. [^1]

```sql
=> EXPLAIN (analyze, costs off, timing off, summary off)
   SELECT *
   FROM flights
   ORDER BY scheduled_departure
   LIMIT 10;

QUERY PLAN
----------------------------------------------------------------
Limit (actual rows=10 loops=1)
  -> Gather Merge (actual rows=10 loops=1)
     Workers Planned: 1
     Workers Launched: 1
     -> Sort (actual rows=7 loops=2)
        Sort Key: scheduled_departure
        Sort Method: top-N heapsort Memory: 27kB
		Worker 0: Sort Method: top-N heapsort Memory: 27kB
	     -> Parallel Seq Scan on flights (actual rows=107434 lo...
(9 rows)
```

*Gather Merge*노드는 여러 작업자들이 가져온 행들의 순서를 조정하기 위해 binary heap[^2]을 사용한다.
이는 external sorting처럼 여러개의 정렬된 행 집합을 병합하는 방식과 유사하지만, 다른 사용 사례를 위해 설계되었다 : *Gather Merge*는 일반적으로 소수의 고정된 데이터 소스를 처리하며, 블록 단위가 아닌 행 단위로 데이터를 가져온다.

## Cost estimation
*Gather Merge*노드의 시작 비용은 자식 노드의 시작 비용을 기반으로 한다. *Gather* 노드와 마찬가지로, 병렬 프로세스를 실행하는 비용도 포함되며, 이 값은 *parallel_setup_cost*에  의해 증가한다.
받은 값은 이진 힙을 구축하는 비용이 추가된다. 힙을 구축하려면 n개의 값을 정렬해야 하며, n은 병렬 작업자의 수이다(즉, $n\log_2n$) 
한 번의 비교 작업은 *cpu_operator_cost*의 2배로 추정되며, 이러한 작업의 전체 비용은 $n$이 매우 작기 때문에 일반적으로 무시할 수 있다.

총 비용은 계획의 병렬 부분을 수행하는 여러 프로세스가 모든 데이터를 가져오는 비용과, 이 데이터를 리더 프로세스로 전송하는 데 드는 비용이 포함된다.
단일 행 전송은 *parallel_tuple_cost*로 추정되며, 다음 값을 가져오는 동안 발생할 수 있는 대기시간을 보정하기 위해 5% 증가한다.

이진 힙 업데이트로 발생하는 비용도 총 계산 비용에 포함되어야 한다 : 각 입력 행은 $log_n$의 비교 작업을 필요로 하며, 추가적인 작업들도 포함된다(이들은 *cpu_operator_cost[^3]로 추정).

여기 *Gather Merge*노드를 사용하는 또 다른 계획을 보자. 주목할 점은, 작업자들이 먼저 해시를 사용해 부분 집계를 수행한 후, *Sort*노드가 결과를 정렬한다는 것이다(집계 이후 남은 행의 수가 적기 때문에 정렬 비용은 낮음).
정렬된 결과는 리더 프로세스로 전달되며, *Gather Merge*노드에서 최종 결과를 모은다.
최종 집계는 정렬된 값 목록에서 수행된다 : 

```sql
=> EXPLAIN SELECT amount, count(*)
   FROM ticket_flights
   GROUP BY amount;

QUERY PLAN
--------------------------------------------------------------
Finalize GroupAggregate
  (cost=123399.62..123485.00 rows=337 width=14)
  Group Key: amount
  -> Gather Merge
     (cost=123399.62..123478.26 rows=674 width=14)
     Workers Planned: 2
     -> Sort
        (cost=122399.59..122400.44 rows=337 width=14)
        Sort Key: amount
     -> Partial HashAggregate
        (cost=122382.07..122385.44 rows=337 width=14)
        Group Key: amount
        -> Parallel Seq Scan on ticket_flights
           (cost=0.00..)
(9 rows)
```

여기서 리더를 포함한 3개의 프로세스를 사용하며, *Gather Merge*노드의 비용은 다음과 같다 : 
```sql
=> WITH costs(startup, run) AS (
   SELECT round((
    -- launching processes
     current_setting('parallel_setup_cost')::real +
     -- building the heap
     current_setting('cpu_operator_cost')::real * 2 * 3 * log(2, 3)
   )::numeric, 2),
   round((
     -- passing rows
     current_setting('parallel_tuple_cost')::real * 1.05 * 674 +
     -- updating the heap
     current_setting('cpu_operator_cost')::real * 2 * 674 * log(2, 3) +
     current_setting('cpu_operator_cost')::real * 674
   )::numeric, 2)
   SELECT 122399.59 + startup AS startup,
   122400.44 + startup + run AS total
   FROM costs;
 startup  |   total   
----------+-----------
 123399.61 | 123478.26
(1 row)
```



[^1]:[backend/executor/nodeGatherMerge.c](https://git.postgresql.org/gitweb/?p=postgresql.git;a=blob;f=src/backend/executor/nodeGatherMerge.c;hb=REL_14_STABLE)
[^2]:[backend/lib/binaryheap.c](https://git.postgresql.org/gitweb/?p=postgresql.git;a=blob;f=src/backend/lib/binaryheap.c;hb=REL_14_STABLE)
[^3]:[backend/optimizer/path/costsize.c, cost_gather_merge function](https://git.postgresql.org/gitweb/?p=postgresql.git;a=blob;f=src/backend/optimizer/path/costsize.c;hb=REL_14_STABLE)