만약 데이터 집합이 부분적으로 정렬되어야 할 경우(예:`LIMIT`), heapsort가 사용될 수 있다(top-N heapsort로 표시된다).
보다 정확히 말하면, 이 알고리즘은 정렬이 행 수를 절반 이상 줄이는 경우나, 할당된 메모리가 전체 입력 데이터를 처리할 순 없지만 출력 데이터는 처리 가능한 경우에 사용된다.

```sql
=> EXPLAIN (analyze, timing off, summary off)
SELECT * FROM seats
ORDER BY seat_no LIMIT 100;

QUERY PLAN
──────────────────────────────────────────────────────────
Limit  (cost=72.57..72.82 rows=100 width=15) (actual rows=100 loops=1)
  -> Sort  (cost=72.57..75.91 rows=1339 width=15) (actual rows=100 loops=1)
     Sort Key: seat_no
     Sort Method: top-N heapsort  Memory: 33kB
     -> Seq Scan on seats  (cost=0.00..21.39 rows=1339 width=15) (actual rows=1339 loops=1)
(8 rows)
```

상위 k개의 값을 찾기 위해, 실행기는 k개의 행을 힙에 추가한다.
그런 다음 행을 하나씩 추가하고, 매번 가장 작은 값을 제거한다.

> 여기서의 힙은 데이터베이스에서 힙 이라고 불리는 테이블 구조와는 관계없다. 

## Cost estimation
알고리즘의 복잡도는 $O(n\log_2k)$로 추정되지만, 각 연산은 quicksort보다 더 비용이 만이 든다. 따라서, 공식에는 $n\log_22k$를 사용한다. [^1]

```sql
=> WITH costs(startup)
AS (
SELECT 21.39 + round((
current_setting('cpu_operator_cost')::real * 2 *
1339 * log(2, 2 * 100)
)::numeric, 2)
)
SELECT startup,
startup + round((
current_setting('cpu_operator_cost')::real * 100
)::numeric, 2) AS total
FROM costs;

startup | total
────────+────────
 72.57  | 72.82
(1 row)
```


[^1]:[backend/optimizer/path/costsize.c, cost_sort function](https://git.postgresql.org/gitweb/?p=postgresql.git;a=blob;f=src/backend/optimizer/path/costsize.c;hb=REL_14_STABLE)

