이제 더 일반적인, 카타시안 곱이 아닌 예제를 살펴보자  :

```sql
=> CREATE INDEX ON tickets(book_ref);

=> EXPLAIN SELECT * 
   FROM tickets t 
   JOIN ticket_flights tf ON tf.ticket_no = t.ticket_no 
   WHERE t.book_ref = '03A76D';
      
QUERY PLAN
−−−−−−−−−−−−−−−−−−−−−−−−−−−−−−−−−−−−−−−−−−−−−−−−−−−−−−−−−−−−−−−−
Nested Loop  (cost=0.99..45.68 rows=6 width=136)
  ->  Index Scan using tickets_book_ref_idx on tickets t  (cost=0.43..12.46 rows=2 width=104)
        Index Cond: (book_ref = '03A76D'::bpchar)
  ->  Index Scan using ticket_flights_pkey on ticket_flights tf  (cost=0.56..16.58 rows=3 width=32)
        Index Cond: (ticket_no = t.ticket_no)
(7 rows)
```

여기서 *Nested Look* 노드는 외부 집합 (tickets)의 행들을 순차적으로 탐색하고, 각 행에 대해 내부 집합(flights)에서 해당하는 행을 찾는다. 이때 (t.ticket_no)를 조건의 파라미터를 사용한다.
내부 노드(Index Scan)이 호출 될때, `ticket_no = constant` 조건을 처리하게 된다.

## Cardinality estimation
플래너는 예약 번호에 따른 필터 조건이 외부 집합에서 2개의 행, 내부 집합에서 3개의 행과 일치할 것이라고 추정하고 있다.

*Join selectivity* 는 두 집합의 카타시안 곱 중에서 조인 후 남아있는 행들의 비율을 의미한다.  조인 키에 NULL값이 포함된 행들이 제외되어야 한다는 것은 명백한데, 동등 조건은 이러한 값들에 대해서는 절대 만족될 수 없기 때문이다.

추정된 cardinality는 카타시안 곱의 cardinality에 선택도를 곱한 값과 같다. [^1]

이 경우, 첫 집합(외부)의 추정된 cardinality는 2다. 두 번째(내부) 집합에 대해서는 조인 조건 외에 다른 조건이 적용되지 않으므로, 두 번째 집합의 cardinality는 *ticket_flight* 테이블의 cardinality로 간주된다.


조인된 테이블들이 외래키로 연결되어 있기 때문에, 선택도 추정은  자식 테이블의 각 행이 부모 테이블에서 정확히 하나의 일치하는 행을 가진다는 사실에 기반한다. 따라서, 선택도는 외래 키로 참조된 테이블의 크기의 역수로 계산된다. [^2]

즉, *ticket_no* 컬럼에 NULL이 없을 때, 추정은 다음과 같다 : 

```sql
=> SELECT round(2 * tf.reltuples * (1.0 / t.reltuples)) AS rows
   FROM pg_class t, pg_class tf
   WHERE t.relname = 'tickets'
   AND tf.relname = 'ticket_flights';
rows
------
6
(1 row)
```

명백하게, 테이블은 외래 키 없이도 조인될 수 있다. 그러면 선택도는 특정 조인 조건들의 추정된 선택성에 따라 계산된다. [^3]

이 예시의 동등 조인에서는, 값들이 균등하게 분포하되어 있다고 가정하는 일반적인 선택도 추정 공식은 다음과 같다 : 
$\min \left( \frac{1}{\text{nd1}}, \frac{1}{\text{nd2}} \right)$
여기서,  nd1,nd2는 각각 첫번째와 두번째 집합의 조인 키의 고유값을 나타낸다. [^4]

이 고유값의 통계는 *ticket.ticket_no* 값이 고유함을 보여준다. (이는 당연한데, pk이기 때문)그리고 *ticket_flights*테이블에는 각 테이블에 3개의 일치하는 행이 존재한다 : 

```sql
=> SELECT t.n_distinct, tf.n_distinct
   FROM pg_stats t, pg_stats tf
   WHERE t.tablename = 'tickets' AND t.attname = 'ticket_no'
   AND tf.tablename = 'ticket_flights' AND tf.attname = 'ticket_no';

n_distinct | n_distinct
------------+------------
-1         | -0.30362356
(1 row)
```

이 결과는 외래 키를 사용하는 조인의 추정과 일치한다 : 

```sql
=> SELECT round(2 * tf.reltuples * 
   least(1.0/t.reltuples, 1.0/tf.reltuples/0.30362356)
) AS rows
   FROM pg_class t, pg_class tf
   WHERE t.relname = 'tickets' AND tf.relname = 'ticket_flights';

rows
------
6
(1 row)
```

플래너는 가능할 때마다 이러한 기본 추정을 더 정교하게 하려고 시도한다. 현재는 히스토그램을 사용할 수 없지만, 만약 두 테이블의 조인 키에 대한 통계가 수집되어 있었다면 [MVC배열](book/Part4_Query%20Execution/17_Statistics/17.4%20Most%20Common%20Values.md)을 고려한다.
배열에 포함된 행들의 선택성은 더 정확하게 추정될 수 있으며, 나머지 행들에 대해서는 균등 분포를 기반으로 한 계산에 의존해야 한다.

일반적으로, 외래 키가 정의되어 있으면 조인의 선택성 추정이 더 정확할 가능성이 높다.
특히, 복합 조인 키일때 더욱 그런데, 선택도가 종종 과소평가되는 경향이 있기 때문이다.


`EXPLAIN ANALYZE` 명령어를 사용해서, 실제 행 수뿐만이 아니라 내부 루프가 실행된 횟수도 확인할 수 있다 : 

```sql
=> EXPLAIN (analyze, timing off, summary off) SELECT * 
   FROM tickets t 
   JOIN ticket_flights tf ON tf.ticket_no = t.ticket_no 
   WHERE t.book_ref = '03A76D';

QUERY PLAN
───────────────────────────────────────────────────────────────────────────
Nested Loop  (cost=0.99..45.68 rows=6 width=136) (actual rows=8 loops=1)
  ->  Index Scan using tickets_book_ref_idx on tickets t  
      (cost=0.43..12.46 rows=2 width=104) (actual rows=2 loops=1)
        Index Cond: (book_ref = '03A76D'::bpchar)
  ->  Index Scan using ticket_flights_pkey on ticket_flights tf  
      (cost=0.56..16.58 rows=3 width=32) (actual rows=4 loops=2)
        Index Cond: (ticket_no = t.ticket_no)
(8 rows)
```

외부 집합에는 두 행이 있다(actual rows=2); 추정은 정확했다.
따라서 *Index Scan* 노드는 2번 실행된다(loops=2), 그리고 각 실행시 평균적으로 4개의 행을 선택했다(actual rows=4). 결과적으로, 총 8개의 행이 반환되었다 : `actual rows=8`

> 각 계획 단계의 실행 시간을 출력에 포함하지 않았다(TIMING OFF) 이는 페이지의 제한된 폭에 맞추기 위함이다; 게다가, 일부 플랫폼에서는 실행 시간을 활성화화면 쿼리 실행 속도가 상당히 느려질 수 있다. 그러나 만약 포함했다면, PostgreSQL은 행 수와 마찬가지로 평균 값을 표시했을 것이다.
> 총 실행 시간을 얻으려면, 이 값을 반복 횟수(loops)로 곱해야 한다.



## Cost estimation

비용 추정 공식은 이전 예제에서 사용한 것과 동일하다. 
다시 한 번 쿼리 계획을 살펴보자  :

```sql
=> EXPLAIN SELECT * 
   FROM tickets t 
   JOIN ticket_flights tf ON tf.ticket_no = t.ticket_no 
   WHERE t.book_ref = '03A76D';

QUERY PLAN
───────────────────────────────────────────────────────────────────────────
Nested Loop  (cost=0.99..45.68 rows=6 width=136)
  ->  Index Scan using tickets_book_ref_idx on tickets t  
      (cost=0.43..12.46 rows=2 width=104)
        Index Cond: (book_ref = '03A76D'::bpchar)
  ->  Index Scan using ticket_flights_pkey on ticket_flights tf  
      (cost=0.56..16.58 rows=3 width=32)
        Index Cond: (ticket_no = t.ticket_no)
(7 rows)
```

이 경우, 내부 집합의 각 반복 스캔 비용은 첫 스캔과 동일하다. 따라서 최종적으로 다음과 같다  :

```sql
=> SELECT 0.43 + 0.56 AS startup_cost,
   round((
      12.46 + 2 * 16.57 +
      6 * current_setting('cpu_tuple_cost')::real
   )::numeric, 2) AS total_cost;

startup_cost | total_cost
-------------+------------
0.99         | 45.66
(1 row)
```



[^1]:[backend/optimizer/path/costsize.c, calc_joinrel_size_estimate function](https://git.postgresql.org/gitweb/?p=postgresql.git;a=blob;f=src/backend/optimizer/path/costsize.c;hb=REL_14_STABLE)

[^2]:[ backend/optimizer/path/costsize.c, get_foreign_key_join_selectivity function](https://git.postgresql.org/gitweb/?p=postgresql.git;a=blob;f=src/backend/optimizer/path/costsize.c;hb=REL_14_STABLE)

[^3]:[backend/optimizer/path/clausesel.c, clauselist_selectivity function](https://git.postgresql.org/gitweb/?p=postgresql.git;a=blob;f=src/backend/optimizer/path/clausesel.c;hb=REL_14_STABLE)
[^4]:[ backend/utils/adt/selfuncs.c, eqjoinsel function](https://git.postgresql.org/gitweb/?p=postgresql.git;a=blob;f=src/backend/utils/adt/selfuncs.c;hb=REL_14_STABLE)