
*Anti-joins*와 *semi-joins*는 외부 집합의 각 행에 대해, 두번째 집합에서 일치하는 행을 하나만 찾으면 충분하다는 점이 비슷하다.

anti-join은 첫 집합의 행이 두 번째 집합에서 일치하는 행이 없을 때만 반환된다 : 실행기가 두 번째 집합에서 첫 번째로 일치하는 행을 찾는 순간, 현재 루프에서 빠져나와 첫 번째 집합의 해당 행을 결과에서 제외한다.

anti-join은 `NOT EXISTS` 조건을 계산하는 데 사용될 수 있다.

예를 들어, 객실 구성이 정의되지 않은 항공기 모델을 찾아보자. 이 쿼리 계획에는 *Nested Loop Anti Join*노드가 포함되어 있다 : 

```sql
=> EXPLAIN SELECT *
   FROM aircrafts a
   WHERE NOT EXISTS (
     SELECT * FROM seats s 
     WHERE s.aircraft_code = a.aircraft_code
   );

QUERY PLAN
────────────────────────────────────────────────────────────────────────────
Nested Loop Anti Join  (cost=0.28..4.65 rows=1 width=40)
  -> Seq Scan on aircrafts_data ml  (cost=0.00..1.09 rows=9 width=...)
  -> Index Only Scan using seats_pkey on seats s  
       (cost=0.28..5.55 rows=149 width=4)
       Index Cond: (aircraft_code = ml.aircraft_code)
(5 rows)
```

`NOT EXISTS` 없이 동일한 실행 계획을 가지는 대체 쿼리 :

```sql
=> EXPLAIN SELECT a.*
   FROM aircrafts a
   LEFT JOIN seats s 
   ON a.aircraft_code = s.aircraft_code
   WHERE s.aircraft_code IS NULL;

QUERY PLAN
────────────────────────────────────────────────────────────────────────────
Nested Loop Anti Join  (cost=0.28..4.65 rows=1 width=40)
  -> Seq Scan on aircrafts_data ml  (cost=0.00..1.09 rows=9 width=...)
  -> Index Only Scan using seats_pkey on seats s  
       (cost=0.28..5.55 rows=149 width=4)
       Index Cond: (aircraft_code = ml.aircraft_code)
(5 rows)
```

*semi-join*은 첫 번째 집합에서 두 번째 집합에 하나 이상 일치하는 행이 있는 경우, 그 행을 반환한다(다시, 다른 일치 항목을 확인할 필요는 없다).

semi-join은 `EXISTS` 조건을 계산하는데 사용될 수 있다. 
좌석이 설치된 항공기 모델을 찾아보자  :
```sql
EXPLAIN SELECT *
FROM aircrafts a
WHERE EXISTS (
    SELECT * FROM seats s
    WHERE s.aircraft_code = a.aircraft_code
);
QUERY PLAN
────────────────────────────────────────────────────────────────────────────
Nested Loop Semi Join (cost=0.28..6.67 rows=9 width=40)
 -> Seq Scan on aircrafts_data ml (cost=0.00..1.09 rows=9 width=40)
 -> Index Only Scan using seats_pkey on seats s (cost=0.28..5.55 rows=149 width=4)
    Index Cond: (aircraft_code = ml.aircraft_code)
(5 rows)

```


*Nested Loop Semi Join* 노드는 동일-이름 조인 방식을 표현한다. 이 계획은(위의 anti-join 계획들과 마찬가지로)  *seats* 테이블의 행 수에 대한 기본적인 추정을 제공한다(`rows=149`). 하지만 실제로는 그 중 하나만 가져오면 충분하다. 실제 쿼리 실행은 첫 번째 행을 가져온 다음 중단된다 : 

```sql
EXPLAIN (analyze, costs off, timing off, summary off)
SELECT * FROM aircrafts a
WHERE EXISTS (
    SELECT * FROM seats s
    WHERE s.aircraft_code = a.aircraft_code
);
QUERY PLAN
────────────────────────────────────────────────────────────────────────────
Nested Loop Semi Join (actual rows=9 loops=1)
 -> Seq Scan on aircrafts_data ml (actual rows=9 loops=1)
 -> Index Only Scan using seats_pkey on seats s (actual rows=1 loops=9)
    Index Cond: (aircraft_code = ml.aircraft_code)
    Heap Fetches: 0
(6 rows)
```


## Cardinality estimation
semi-join의 선택도를 일반적으로 추정하지만, 내부 집합의 cardinality는 1로 추정된다.
anti-join의 경우, 추정된 선택도는 부정(negation)[^1] 처럼 1에서 차감된다.


## Cost estimation

anti,semi join에 대해서, 코스트 추정은 두 번째 집합에서 첫 번째와 일치하는 행이 발견되는 즉시 스캔이 중단된다는 사실을 반영한다. [^2]


[^1]:[backend/optimizer/path/costsize.c, calc_joinrel_size_estimate function](https://git.postgresql.org/gitweb/?p=postgresql.git;a=blob;f=src/backend/optimizer/path/costsize.c;hb=REL_14_STABLE)

[^2]:[backend/optimizer/path/costsize.c, final_cost_nestloop function](https://git.postgresql.org/gitweb/?p=postgresql.git;a=blob;f=src/backend/optimizer/path/costsize.c;hb=REL_14_STABLE)