
nested loop join은 카타시안 곱을 찾는데 가장 효육적인 방법이다. 이는 집합의 행수와 관계없다 : 

```sql
=> EXPLAIN SELECT * FROM aircrafts_data a1
   CROSS JOIN aircrafts_data a2
   WHERE a2.range > 5000;
```
![](_static/Pasted%20image%2020241022145647.png)

*Nested Loop*노드는 앞서 설명한 알고리즘으로 조인을 수행한다. 이는 항상 두개의 자식 노드를 가진다 :  위에 표시된 노드는  외부 집합에 해당하며,  아래에 표시된 노드는 내부 집합을 나타낸다. 

이 예시에서, 내부 집합(*inner set*)은 *Materialize* 노드에 의해 나타난다. [^1]
이 노드는 자식 노드에서 받은 행을 반환하고, 이후 사용할 수 있도록 해당 행을 저장한다(행들은 총 크기가 *work_mem*에 도달할 때 까지 축척되며, 이후엔 PostgreSQL이 임시 파일을 디스크에 쓰기 시작한다). 
만일 다시 접근한다면, 노드는 자식 노드를 호출하지 않고 축정된 행에서 읽는다. 그러므로, 실행기는 테이블을 다시 스캔하는 것을 피하고, 조건을 만족하는 행들만 읽을 수 있다.

유사한 계획은 일반 equal-join을 사용하는 쿼리에도 적용될 수 있다 : 

```sql
=> EXPLAIN SELECT *
   FROM tickets t
   JOIN ticket_flights tf ON tf.ticket_no = t.ticket_no
   WHERE t.ticket_no = '0005432000284';
```
![](_static/Pasted%20image%2020241022151010.png)

두 값이 동일하다는 것을 인식한 후, 플래너는 조인 조건인 `tf.ticket_no=t.ticket_no`를 `tf.ticket_no=constant` 조건으로 대체해여, 사실상 equai-join을 카타시안 곱으로 축소한다. [^2]


**Cardinality estimation**
카타시안 곱의 cardinality는 조인된 데이터 집합들의 카타시안 곱으로 추정된다. (3\*1=3)

**Cost estimation** 조인 연산의 시작 비용은 모든 자식 노드들의 시작 비용의 합이다.

조인의 전체 비용은 다음 요소를 포함한다 : 
- 외부 집합의 모든 행을 가져오는 비용
- 내부 집합의 모든 행을 한 번 가져오는 비용(외부 집합의 cardinality가 1로 추종되어 있어서)
- 반환될 각 행을 처리하는 비용

여기 비용 추정을 위한 종속성 그래프가 있다 :

![](_static/Pasted%20image%2020241022151954.png)



조인의 비용은 다음과 같이 계산된다 : 

```sql
=> SELECT 0.43 + 0.56 AS startup_cost, 
round((8.45 + 16.57 + 3 * current_setting('cpu_tuple_cost')::real)::numeric, 2) AS total_cost;
startup_cost | total_cost 
-------------+------------ 
0.99         | 25.05 
(1 row)
```

이제 이전 예제로 돌아가 보자 : 

```sql
=> EXPLAIN SELECT * 
   FROM aircrafts_data a1 
   CROSS JOIN aircrafts_data a2 
   WHERE a2.range > 5000;
   
QUERY PLAN
−−−−−−−−−−−−−−−−−−−−−−−−−−−−−−−−−−−−−−−−−−−−−−−−−−−−−
Nested Loop  (cost=0.00..2.78 rows=45 width=144)
  ->  Seq Scan on aircrafts_data a1  (cost=0.00..1.09 rows=9 width=72)
  ->  Materialize  (cost=0.00..1.14 rows=5 width=72)
        ->  Seq Scan on aircrafts_data a2  (cost=0.00..1.11 rows=5 width=72)
            Filter: (range > 5000)
(7 rows)
```


이제 계획에는 *Materialize* 노드가 포함되어 있다; 이 노드는 자식 노드에서 받은 행들을 한 번 모은 후, 이후의 호출에서는 훨씬 더 빠르게 반환된다.

일반적으로, 조인의 총 비용은 다음과 같은 비용으로 구성된다 : [^3] 


- 모든 외부 집합의 행을 가져오는 비용
- 내부 집합의 모든 행을 처음으로 가져오는 비용(이때 Materialization이 수행됨)
- 외부 집합의 행 수에 따라 내부 집합의 행을 반복적으로 가져오는 비용(N은 외부 집합의 수를 나타냄)
- 반환될 각 행을 처리하는 비용

종속성 그래프는 다음과 같다 : 

![](_static/Pasted%20image%2020241022153426.png)


이 예시에서, materialization은 반복적인 데이터 fetch 비용을 줄인다. 첫 Materialize 비용은 계획에서 볼 수 있지만, 이후의 호출에 대한 비용은 명시되지 않는다.
여기에 계산을 제공하지는 않겠지만,[^4]  이 특정 경우 추정치는 *0.0125*이다.

그러므로, 이 예시에서 조인의 비용은 다음과 같이 추정된다 : 

```sql
=> SELECT 0.00 + 0.00 AS startup_cost, 
round((1.09 + (1.14 + 8 * 0.0125) + 45 * current_setting('cpu_tuple_cost')::real)::numeric, 2) AS total_cost;

startup_cost | total_cost 
-------------+------------ 
0.00         | 2.78 
(1 row)
```



[^1]:[ backend/executor/nodeMaterial.c](https://git.postgresql.org/gitweb/?p=postgresql.git;a=blob;f=src/backend/executor/nodeMaterial.c;hb=REL_14_STABLE)
[^2]:[backend/optimizer/path/equivclass.c](https://git.postgresql.org/gitweb/?p=postgresql.git;a=blob;f=src/backend/optimizer/path/equivclass.c;hb=REL_14_STABLE)
[^3]:[ backend/optimizer/path/costsize.c, initial_cost_nestloop andfinal_cost_nestloop function](https://git.postgresql.org/gitweb/?p=postgresql.git;a=blob;f=src/backend/optimizer/path/costsize.c;hb=REL_14_STABLE)
[^4]:[backend/optimizer/path/costsize.c, cost_rescan function](https://git.postgresql.org/gitweb/?p=postgresql.git;a=blob;f=src/backend/optimizer/path/costsize.c;hb=REL_14_STABLE)