
nested loop 조인은  left outer join을  수행하는 데 사용할 수 있다.


```sql
=> EXPLAIN SELECT *
   FROM ticket_flights tf
   LEFT JOIN boarding_passes bp 
   ON bp.ticket_no = tf.ticket_no 
   AND bp.flight_id = tf.flight_id
   WHERE tf.ticket_no = '0005434026720';

QUERY PLAN
────────────────────────────────────────────────────────────────────────────
Nested Loop Left Join  (cost=1.12..33.35 rows=3 width=57)
  Join Filter: ((bp.ticket_no = tf.ticket_no) AND (bp.flight_id = tf.flight_id))
  ->  Index Scan using ticket_flights_pkey on ticket_flights tf  
       (cost=0.56..16.58 rows=3 width=32)
       Index Cond: (ticket_no = '0005434026720'::bpchar)
  ->  Materialize  (cost=0.56..16.62 rows=3 width=25)
       ->  Index Scan using boarding_passes_pkey on boarding_passes bp
             (cost=0.56..16.61 rows=3 width=25)
             Index Cond: (ticket_no = '0005434026720'::bpchar)
(10 rows)
```

여기서 조인 연산은 *Nested Loop Join*노드로 표현된다. 플래너는 non-parameterized 조인을 선택했고, 필터를 사용한다 : 내부 집합의 행들을 동일하게 스캔하며 (*Materialize* 노드 뒤에 숨겨져 있음)  필터 조건을 만족하는 행들만 반환한다(JOIN Filter).

외부 조인의 cardinality는 내부 조인과 동일한 방식으로 추정되지만, 계산된 추정값이 외부 집합의 cardinality와 비교되어 더 큰 값이 최종 결과로 사용된다. [^1] 다시 말해, 외부 조인은 행의 수를 줄이지 않는다(증가시킬 순 있음).

비용 추정은 내부 조인과 유사하게 이루어진다.

또한, 플래너는 내부 조인과 외부 조인에 대해 다른 실행 계획을 선택할 수 있음을 명시하자. 심지어 이 예제에서도 플래너가 nested loop join을 사용하도록 강제하면 다른 join filter가 사용될 수 있다 : 

```sql
=> SET enable_mergejoin = off;
=> EXPLAIN SELECT * 
   FROM ticket_flights tf 
   JOIN boarding_passes bp 
   ON bp.ticket_no = tf.ticket_no 
   AND bp.flight_id = tf.flight_id 
   WHERE tf.ticket_no = '0005434026720';

QUERY PLAN
────────────────────────────────────────────────────────────────────────────
Nested Loop  (cost=1.12..33.33 rows=3 width=57)
  Join Filter: (tf.flight_id = bp.flight_id)
  ->  Index Scan using ticket_flights_pkey on ticket_flights tf  
       (cost=0.56..16.58 rows=3 width=32)
       Index Cond: (ticket_no = '0005434026720'::bpchar)
  ->  Materialize  (cost=0.56..16.62 rows=3 width=25)
       ->  Index Scan using boarding_passes_pkey on boarding_passes bp  
             (cost=0.56..16.61 rows=3 width=25)
             Index Cond: (ticket_no = '0005434026720'::bpchar)
(9 rows)
=> RESET enable_mergejoin;
```

총 비용에서 약간의 차이가 나는 이유는 외부 조인이 일치하는 행이 없을 때도 올바른 결과를 얻기 위해 티켓 번호를 추가로 확인해야 하기 때문이다.

*Right join*은 지원되지 않는다[^2], nested loop 알고리즘은 내부 집합과 외부 집합을 다르게 처리한다. 바깥 집합은 전체를 스캔하지만, 내부 집합은 인덱스 접근을 통해 조인 조건을 만족하는 행만 읽는다. 따라서 내부 집합의 일부 행들은 아예 읽히지 않고 건너띌 수 있다. 

*full join*도 동일한 이유로 지원되지 않는다.




[^1]:[backend/optimizer/path/costsize.c, calc_joinrel_size_estimate function](https://git.postgresql.org/gitweb/?p=postgresql.git;a=blob;f=src/backend/optimizer/path/costsize.c;hb=REL_14_STABLE)


[^2]:[backend/optimizer/path/joinpath.c, match_unsorted_outer function](https://git.postgresql.org/gitweb/?p=postgresql.git;a=blob;f=src/backend/optimizer/path/joinpath.c;hb=REL_14_STABLE)