인덱스가 제공하는 TID에 접근하는 두 기본 방버이 있다.
첫번째는 인덱스 스캔을 수행하는 것이다. 대부분의 인덱스 접근 메서드들은(그러나 전부는 아님) 이 작업을 지원하는 INDEX SCAN 속성을 가지고 있다.

인덱스 스캔은 실행계획에서 *INDEX SCAN*[^1] 노드로 나타난다 : 

```sql
=> EXPLAIN SELECT * FROM bookings
   WHERE book_ref = '9AC0C6' AND total_amount = 48500.00;

QUERY PLAN
---------------------------------------------
 Index Scan using bookings_pkey on bookings
   (cost=0.43..8.45 rows=1 width=21)
   Index Cond: (book_ref = '9AC0C6'::bpchar)
   Filter: (total_amount = 48500.00)
(4 rows)
```

인덱스 스캔 동안, 접근 메서드는 TID를 하나씩 반환한다. [^2] TID를 받으면, 인덱싱 엔진은 TID가 참조하는 힙 페이지에 접근하고, 해당하는 튜플을 가져오며, 만약 가시성 규칙이 충족되면 해당 튜플의 요청된 필드 집합을 반환한다.
이 과정은 쿼리에 매칭되는 TID가 바닥날때까지 계속된다.

Index Cond 라인은 인덱스를 통해서 확인할 수 있는 필터 조건만을 포함한다. 힙에서 다시 확인해야 하는 다른 조건들은 별도로 Filter 라인에 나타난다.

이 예시에서 보듯이, 인덱스와 힙 접근 작업은 두 개의 다른 노드가 아닌 공통된 *Index Scan* 노드에 의해 처리된다. 하지만 TID가 미리 알려진 경우, 힙에서 튜플을 가져오는 별도의 *Tid Scan* 노드 [^3] 도 존재한다 : 

```sql
=> EXPLAIN SELECT * FROM bookings WHERE ctid = '(0,1)'::tid;

 QUERY PLAN
-----------------------------------------------
 Tid Scan on bookings (cost=0.00..4.01 rows=1 width=21)
   TID Cond: (ctid = '(0,1)'::tid)
(2 rows)
```


[^1]:[backend/executor/nodeIndexscan.c](https://git.postgresql.org/gitweb/?p=postgresql.git;a=blob;f=src/backend/executor/nodeIndexscan.c;hb=REL_14_STABLE)
[^2]:[backend/access/index/indexam.c, index_getnext_tid function](https://git.postgresql.org/gitweb/?p=postgresql.git;a=blob;f=src/backend/access/index/indexam.c;hb=REL_14_STABLE)
[^3]:[backend/executor/nodeTidscan.c](https://git.postgresql.org/gitweb/?p=postgresql.git;a=blob;f=src/backend/executor/nodeTidscan.c;hb=REL_14_STABLE)