쿼리의 필터 조건을 만족하는 튜플들이 많은 페이지에 분포될수록, 비트맵의 크기는 커진다.
이 비트맵은 백엔드의 로컬 메모리에 생성되며, *work_mem* 파라미터에 의해 제한된다. 허용된 최대 크기에 도달하면, 일부 비트맵 세그먼트는 손실 상태가 된다  : 손실 세그먼트의 각 비트는 전체 페이지를 나타내며, 세그먼트 자체는 여러 페이지 범위로 구성된다.
결과적으로, 비트맵의 크기는 줄어들지만 정확성은 감소하게 된다.

`EXPLAIN ANALYZE` 명령은 생성된 비트맵의 정확성을 보여준다 : 

```sql
=> EXPLAIN (analyze, costs off, timing off, summary off)
   SELECT * FROM bookings WHERE total_amount > 150000.00;

QUERY PLAN
────────────────────────────────────────────────────────────────────────────
Bitmap Heap Scan on bookings (actual rows=242691 loops=1)
   Recheck Cond: (total_amount > 150000.00)
   Heap Blocks: exact=13447
   -> Bitmap Index Scan on bookings_total_amount_idx (actual rows...)
      Index Cond: (total_amount > 150000.00)
(5 rows)
```

여기선 우리는 정확한 비트맵을 만들기에 충분한 메모리를 가지고 있다.

만약 *work_mem*을 줄이면, 일부 비트맵 세그먼트가 손실 상태가 된다  :

```sql
=> SET work_mem = '512kB';




=> EXPLAIN (analyze, costs off, timing off, summary off)
   SELECT * FROM bookings WHERE total_amount > 150000.00;

QUERY PLAN
────────────────────────────────────────────────────────────────────────────
Bitmap Heap Scan on bookings (actual rows=242691 loops=1)
   Recheck Cond: (total_amount > 150000.00)
   Rows Removed by Index Recheck: 1145721
   Heap Blocks: exact=5178 lossy=8269
   -> Bitmap Index Scan on bookings_total_amount_idx (actual rows...)
      Index Cond: (total_amount > 150000.00)
(6 rows)




=> RESET work_mem;

```

손실 비트맵 세그먼트에 해당하는 힙 페이지를 읽을 때, PostgreSQL은 필터 조건을 다시 확인해야 한다. 다시 체크해야 하는 조건은 계획의 *Recheck Cond*에 나타나며, 실제로 재확인이 수행되지 않아도 표시된다.
재확인 과정에서 필터링된 튜플의 수는 별도로 표시된다(Rows Removed by Index Recheck).
``

>만일 결과 집합이 너무 커서 비트맵이 모든 세그먼트가 손실 상태여도 *work_mem* 메모리 조각에 맞지 않을 경우,  이 제한은 무시되고 비트맵은 필요한 만큼의 공간을 차지하게 된다. PostgreSQL은 더 이상 비트맵의 정확성을 줄이지 않으며, 세그먼트를 디스크로 플러시하지도 않는다.







[^1]:[backend/nodes/tidbitmap.c, tbm_lossify function](https://git.postgresql.org/gitweb/?p=postgresql.git;a=blob;f=src/backend/nodes/tidbitmap.c;hb=REL_14_STABLE)