
모든 인덱스 스캐닝 모드 (regluar, index-only, bitmap)은 각각 고유한 병렬 계획이 있다.

병렬 실행의 비용은 순차 실행과 동일한 방식으로 추정되지만, (병렬 순차 스캔의 경우처럼) CPU 자원이 병렬 프로세스에 분배되어 총 비용을 줄인다.
비용의 I/O 요소는 분배되지 않는데, 페이지 접근은 프로세스들이 순차적으로 동기화해 수행되기 때문이다.

이제 비용 추정을 세부적으로 설명하지 않고, 병렬 스캔의 몇 예시를 보여주겠다  :

`
병렬 인덱스 스캔 : 

```sql
=> EXPLAIN SELECT sum(total_amount)
   FROM bookings WHERE book_ref < '400000';

QUERY PLAN
────────────────────────────────────────────────────────────────────────────
Finalize Aggregate
   (cost=19192.81..19192.82 rows=1 width=32)
   -> Gather
      (cost=19192.59..19192.80 rows=2 width=32)
         Workers Planned: 2
         -> Partial Aggregate
            (cost=18192.59..18192.60 rows=1 width=32)
               -> Parallel Index Scan using bookings_pkey on bookings
                  (cost=0.43..17642.82 rows=219907 width=6)
                  Index Cond: (book_ref < '400000'::bpchar)
(7 rows)
```

B-tree의 병렬 스캔이 진행되는 동안, 현재 인덱스 페이지의 ID는 서버의 공유 메모리에 저장된다.
초기값은 스캔을 시작한 프로세스가 설정한다 : 트리의 루트에서 첫 번째 리프 페이지까지 탐색하고, 그 페이지의 위치를 저장한다.
이후 작업자들은 필요에 따라 다음 인덱스 페이지에 접근하면서 지정된 TID를 갱신한다.
페이지를 가져온 후, 작업자들은 그 페이지의 적합한 모든 항목을 반복적으로 처리하고 연관된 힙 튜플을 읽는다.
스캐닝은 작업자가 쿼리 필터를 만족하는 값의 전체 범위를 읽을 때 완료된다.

병렬 index-only scan:

```sql
=> EXPLAIN SELECT sum(total_amount)
   FROM bookings WHERE total_amount < 50000.00;

QUERY PLAN
────────────────────────────────────────────────────────────────────────────
Finalize Aggregate
   (cost=23370.60..23370.61 rows=1 width=32)
   -> Gather
      (cost=23370.38..23370.59 rows=2 width=32)
         Workers Planned: 2
         -> Partial Aggregate
            (cost=22370.38..22370.39 rows=1 width=32)
               -> Parallel Index Only Scan using bookings_total_amoun...
                  (cost=0.43..21387.27 rows=393244 width=6)
                  Index Cond: (total_amount < 50000.00)
(7 rows)

```

병럴 index-only scan은  all-visible 페이지에 대해 힙 접근을 건너뛴다; 이 점이 병렬 인덱스 스캔과 다른 점이다.


병렬 비트맵 스캔 : 


```sql
=> EXPLAIN SELECT sum(total_amount)
   FROM bookings WHERE book_date < '2016-10-01';
   
QUERY PLAN
────────────────────────────────────────────────────────────────────────────
Finalize Aggregate
   (cost=21492.21..21492.22 rows=1 width=32)
   -> Gather
      (cost=21491.99..21492.20 rows=2 width=32)
         Workers Planned: 2
         -> Partial Aggregate
            (cost=20491.99..20492.00 rows=1 width=32)
               -> Parallel Bitmap Heap Scan on bookings
                  (cost=4891.17..20133.01 rows=143588 width=6)
                  Recheck Cond: (book_date < '2016-10-01 00:00:00+03')
                  -> Bitmap Index Scan on bookings_book_date_idx
                     (cost=0.00..4805.01 rows=344611 width=0)
                     Index Cond: 
```

비트맵 스캔은 비트맵이 항상 단일 리더 프로세스에 의해 순차적으로 구축된다는 것을 의미한다; 이러한 이유로, *Bitmap Index Scan* 노드의 이름은 Parallell이 붙지 않는다.
비트맵이 준비되면, *Parallel Bitmap Heap Scan* 노드가 병렬적으로 힙을 스캔한다. 작업자들은 이후의 힙 페이지에 접근하여 동시에 처리한다.

