
앞에서 설명한 해시 조인 알고리즘은 병렬 계획에서도 사용될 수 있다.
먼져, 여러 병렬 프로세스가 내부 집합에 대해 자신만의(완전히 동일한) 해시 테이블을 각각 독립적으로 구성한 후; 외부 집합을 동시에 처리하기 시작한다. 성능 향상은 각 프로세스가 외부 행의 자신에게 할당된 부분만 스캔하기 때문에 발생한다.

다음 계획은 은 일반적인 one-pass hash 조인을 사용한다 : 

```sql
=> SET work_mem = '128MB';
=> SET enable_parallel_hash = off;
=> EXPLAIN (analyze, costs off, timing off, summary off)
SELECT count(*)
FROM bookings b
JOIN tickets t ON t.book_ref = b.book_ref;
QUERY PLAN
─────────────────────────────────────────────────────────────────────────
Finalize Aggregate (actual rows=1 loops=1)
 -> Gather (actual rows=3 loops=1)
    Workers Planned: 2
    Workers Launched: 2
    -> Partial Aggregate (actual rows=1 loops=3)
       -> Hash Join (actual rows=983286 loops=3)
          Hash Cond: (t.book_ref = b.book_ref)
          -> Parallel Index Only Scan using tickets_book_ref...
             Heap Fetches: 0
          -> Hash (actual rows=2111110 loops=3)
             Buckets: 4194304 Batches: 1 Memory Usage: 113172kB
             -> Seq Scan on bookings b (actual rows=2111110 loops=3)
(13 rows)

=> RESET enable_parallel_hash;
```

여기서는 각 프로세스가 booking 테이블을 해시한 후, *Parallel Index Only Scan* 노드를 통해 자신의 외부 행 몫을 검사하고, 이 행들을 생성된 해시 테이블과 대조한다.

해시 테이블 메모리는 각 병렬 프로세스에 개별적으로 적용되므로, 이 목적을 위해 할당된 총 메모리 크기는 실행 계획에 표시된 것(메모리 사용량)보다 3배 크다.