계획된 과정은 두가지 이슈로 방해될 수 있다 : 부정확한 통계와 비균등한 데이터 분포.

조인 키 컬럼의 분포가 비균등할 경우, 각 배치의 크기는 다르게 될 것이다.

어떤 배치(첫번째 배치 제외)가 너무 커지면, 그 배치에 속하는 모든 행을 디스크에 쓰고 다시 읽어야 한다. 특히 외부 집합이 더 크기 때문에 문제가 발생하는 경우가 많다. 외부 집합에서 자주 등장하는 값(MVCS)에 대한 일반적인 단일 통계가 있을 경우(즉, 외부 집합이 테이블로 표현되고 조인은 단일 컬럼을 통해 수행됨), 해시 코드가 MVCS에 해당되는 행들은 첫번째 배치의 일부로 간주된다. [^1] 
이 기법은 *skew optimization*이라고 불리며, 2단계 조인의 I/O 오버헤드를 어느 정도 감소시킬 수 있다.

이 두 요소 때문에, 일부(또는 모든)배치가 추정치를 초과할 수 있다. 그러면 해당 배치의 해시 테이블이 할당된 메모리 공간에 맞지 않게 되고, 정해진 한계를 초과하게 된다.

따라서 해시 테이블이 너무 크게 구축되면, 배치의 수가 실시간으로(2배로)  증가한다.
각 배치는 두 새로운 가상 배치로 분할되며 : (데이터가 균등하게 분포되었다고 가정하면)절반의 행은 해시 테이블에 남고, 다른 절반은 새 임시 파일에 저장된다. [^2]

이러한 분할은 원래 one-pass 조인이 계획되었어도 발생할 수 있다.
사실, one-, two-pass 조인은 같은 코드로 구현된 같은 알고리즘을 사용한다; 
이 두 가지를 구분하는 이유는 설명을 자연스럽게 하기 위해서이다.

배치의 수는 줄어들 수 없다. 만약 플래너가 데이터 크기를 과대평가한 것으로 드러나더라도, 배치는 서로 합쳐지지 않는다.

비균등한 분포의 경우, 배치의 수를 늘리는 것이 도움이 되지 않을 수 있다.
예를 들어, 키 컬럼이 모든 행에서 같은 값을 포함하고 있다면, 해시 함수는 계속해서 같은 값을 반환하게 될 것이다.
불행히도, 해시 테이블은 제한을 적용하더라도 계속 커질 것이다.

> 이론적으로 이 문제는 다중-패스 조인을 통해 해결될  수 있다. 이는 배치의 부분적 스캔을 수행하는 방식이지만, 현재는 지원되지 않는다.

동적으로 배치 수가 증가하는 것을 시연하기 위해, 먼저 조작이 필요하다 :

```sql
=> CREATE TABLE bookings_copy (LIKE bookings INCLUDING INDEXES) 
   WITH (autovacuum_enabled = off);

----------------------------------------------------------------

=> INSERT INTO bookings_copy SELECT * FROM bookings;
INSERT 0 2111110
----------------------------------------------------------------

=> DELETE FROM bookings_copy WHERE random() < 0.9;
DELETE 1899232

----------------------------------------------------------------

=> ANALYZE bookings_copy;

----------------------------------------------------------------

=> INSERT INTO bookings_copy SELECT * FROM bookings ON CONFLICT DO NOTHING;
INSERT 0 1899232

----------------------------------------------------------------

=> SELECT reltuples FROM pg_class WHERE relname = 'bookings_copy';
 reltuples
−−−−−−−−−−−
 211878
(1 row)
```


겨ㄹ과로, 우리는 *blookings_copy* 라는 새 테이블을 얻게 된다.
이는 *bookings* 테이블의 정확한 복사본이지만, 플래너는 행 수를 $\frac{1}{10}$로 과소평가한다.
비슷한 상황은 해시 테이블이 다른 조인 연산에 의해 생성된 행 집합을 처리할 때 발생할 수 있다. 이 경우, 신뢰할 만한 통계가 없기 때문이다.

이 메커니즘은 플래너가 8개의 버킷이면 충분하다고 생각하게 한다. 그러나  조인이 실행되는 동안, 이 숫자는 32로 증가한다.

```sql
EXPLAIN (analyze, costs off, timing off, summary off)
SELECT *
FROM bookings_copy b
JOIN tickets t ON b.book_ref = t.book_ref;
QUERY PLAN
────────────────────────────────────────────────────────────────────────────
Hash Join (actual rows=2949857 loops=1)
  Hash Cond: (t.book_ref = b.book_ref)
  -> Seq Scan on tickets t (actual rows=2949857 loops=1)
  -> Hash (actual rows=2111110 loops=1)
     Buckets: 65536 (originally 65536)  Batches: 32 (originally 8)
     Memory Usage: 4040kB
	  -> Seq Scan on bookings_copy b (actual rows=2111110 loops=1)
(7 rows)
```

## Cost estimation.
이전에 이 예시를 사용하여 one-pass 조인의 비용 추정을 설명했지만, 이번에는 사능 가능한 메모리 크기를 최소화할 것이다. 따라서 플래너는 2개의 배치를 사용해야 하고, 조인의 비용은 증가한다 : 

```sql
SET work_mem = '64kB';
EXPLAIN (analyze, timing off, summary off)
SELECT * FROM flights f
JOIN seats s ON s.aircraft_code = f.aircraft_code;
QUERY PLAN
────────────────────────────────────────────────────────────────────────────
Hash Join (cost=45.13..283139.28 rows=16518865 width=78)
  (actual rows=16518865 loops=1)
  Hash Cond: (f.aircraft_code = s.aircraft_code)
  -> Seq Scan on flights f (cost=0.00..4772.67 rows=214867 width=...)
     (actual rows=214867 loops=1)
  -> Hash (cost=21.39..21.39 rows=1339 width=15)
     (actual rows=1339 loops=1)
     Buckets: 2048  Batches: 2  Memory Usage: 55kB
	  -> Seq Scan on seats s (cost=0.00..21.39 rows=1339 width=15)
	     (actual rows=1339 loops=1)
(10 rows)
RESET work_mem;
```

두 번째 패스의 비용은 행들을 임시 파일에 저장하고, 다시 읽어오는 비용에서 발생한다.

two-pass 조인의 시작 비용은 one-pass 조인의 비용을 기반으로 하며, 여기에 내부 집합의 모든 행의 필요한 필드를 저장하기 위해 필요한 페이지를 디스크에 쓰는 예상 비용이 추가된다. [^3]
첫 배치가 해시 테이블이 구성되는 동안 디스크에 기록되진 않지만, 비용 추정은 이를 고려하지 않으므로 배치 수에 의존하지 않는다.

결과적으로, 총 비용은 one-pass 조인과 디스크에 저장된 내부 집합의 행을 읽는데 드는 예상 비용, 그리고 외부 집합의 행을 읽고 쓰는 예상 비용을 포함한다.

쓰기와 읽기 모두 페이지당 *seq_page_cost*로 추정되며, I/O 작업은 순차적으로 수행된다고 가정한다.

이 특정 경우에, 내부 집합에 필요한 페이지 수는 7페이지로 추정되며, 외부 집합의 데이터는 2309 페이지로 예상된다. 이 추정을 단일 패스 조인의 비용에 추가하면, 쿼리 계획에 표시된 것과 같은 숫자를 얻게 된다 :

```sql
SELECT 38.13 +  -- 단일 패스 조인의 시작 비용
current_setting('seq_page_cost')::real * 7 AS startup,
278507.28 + -- 단일 패스 조인의 총 비용
current_setting('seq_page_cost')::real * 2 * (7 + 2309) AS total;
startup | total
───────────+──────────────
 45.13    | 283139.28
(1 row)
```

따라서, 메모리가 충분하지 않으면, 조인은 두 번에 걸쳐 수행되며 효율이 감소한다. 따라서, 다음 사항을 준수하는 것이 필요하다 : 

 - 쿼리는 해시 테이블에서 불필요한 필드를 제외해야 한다.
 - 플래너는 해시 테이블을 구축할 때 두 집합 중 작은 집합을 선택해야 한다.


[^1]:[ backend/executor/nodeHash.c, ExecHashBuildSkewHash function](https://git.postgresql.org/gitweb/?p=postgresql.git;a=blob;f=src/backend/executor/nodeHash.c;hb=REL_14_STABLE)


[^2]:[backend/executor/nodeHash.c, ExecHashIncreaseNumBatches function](https://git.postgresql.org/gitweb/?p=postgresql.git;a=blob;f=src/backend/executor/nodeHash.c;hb=REL_14_STABLE)

[^3]:[ backend/optimizer/path/costsize.c, page_size function](https://git.postgresql.org/gitweb/?p=postgresql.git;a=blob;f=src/backend/optimizer/path/costsize.c;hb=REL_14_STABLE)