
해시 조인은 미리 생성된 해시 테이블을 사용해 일치하는 행을 찾는다.
다음은 이런 조인이 포함된 실행 계획의 예시이다 : 

```sql
EXPLAIN (costs off) 
SELECT * 
FROM tickets t 
JOIN ticket_flights tf ON tf.ticket_no = t.ticket_no;
QUERY PLAN
────────────────────────────────────────────────────────────────────────────
Hash Join
  Hash Cond: (tf.ticket_no = t.ticket_no)
  -> Seq Scan on ticket_flights tf
  -> Hash
     -> Seq Scan on tickets t
(5 rows)
```

첫 단계에서, *Hash join*노드[^1]는 *Hash*노드[^2]를 호출한다. 
Hash 노드는 전체 내부 집합을 자식 노드로부터 가져와 해시 테이블에 저장한다.

해시 테이블은 특정 키로 매우 빠르게 값에 접근할 수 있다. 해시 테이블의 크기와 관계없이 검색 시간은 일정한데, 해시 키가 제한된 수의 버킷에 따라 비교적 균일하게 분포되기 때문이다. 
주어진 키가 어떤 버킷에 속하는지는 해시 함수에 의해 결정된다; 버킷의 수는 2의 제곱이므로, 계산된 값에서 필요한 비트 수만 취하면 충분하다.

버퍼 캐시와 같이, 구현은 동적으로 확장 가능한 해시 테이블을 사용하며, 해시 충돌은 체이닝을 통해 해결한다. [^3]

조인 연산의 첫 단계에서는, 내부 집합이 스캔되고, 각 행에 대해 해시 함수가 계산된다. 조인 조건(Hash Cond)에서 참조되는 컬럼들이 해시 키로 사용되며, 해시테이블 자체는 내부 집합의 모든 조회된 필드를 저장한다.


해시 조인은 전체 해시 테이블이 RAM에 저장될 수 있을 때 가장 효과적이다.
이 경우, 실행기는 데이터를 한 번에 처리할 수 있다. 이 목적으로 해시 테이블에 할당되는 메모리 청크 크기는 `work_mem X hash_mem_multiplier`이다. (default 4MB)

![](_static/Pasted%20image%2020241023132907.png)


해당 쿼리의 메모리 사용 통계를 확인하기 위해 `EXPLAIN ANALYZE`를 실행해 보자 : 

```sql
SET work_mem = '256MB';
EXPLAIN (analyze, costs off, timing off, summary off)
SELECT * 
FROM bookings b
JOIN tickets t ON b.book_ref = t.book_ref;
QUERY PLAN
────────────────────────────────────────────────────────────────────────────
Hash Join (actual rows=2949857 loops=1)
  Hash Cond: (t.book_ref = b.book_ref)
  -> Seq Scan on tickets t (actual rows=2949857 loops=1)
  -> Hash (actual rows=2111110 loops=1)
     Buckets: 4194304  Batches: 1  Memory Usage: 145986kB
	  -> Seq Scan on bookings b (actual rows=2111110 loops=1)
(6 rows)
```

nested loop 조인에서 내부 집합과 외부 집합을 다르게 처리하는 것과 달리, 해시 조인은 두 집합을 교환할 수 있다. 일반적으로 작은 해시 테이블을 만들기 위해 더 작은 집합이 내부 집합으로 사용된다.

이 예제에서, 전체 테이블이 할당된 캐시에 적재된다 : 약 143MB메모리가 사용되었고, $2^{22}$의 버킷을 포함했다. 따라서 조인은 한 번의 배치로 수행되었다.

하지만 쿼리가 하나의 컬럼만 참조한다면, 해시 테이블은 111MB에 맞게 적재될 수 있다 :

```sql
EXPLAIN (analyze, costs off, timing off, summary off)
SELECT b.book_ref
FROM bookings b
JOIN tickets t ON b.book_ref = t.book_ref;
QUERY PLAN
────────────────────────────────────────────────────────────────────────────
Hash Join (actual rows=2949857 loops=1)
  Hash Cond: (t.book_ref = b.book_ref)
  -> Index Only Scan using tickets_book_ref_idx on tickets t
     (actual rows=2949857 loops=1)
     Heap Fetches: 0
  -> Hash (actual rows=2111110 loops=1)
       Buckets: 4194304  Batches: 1  Memory Usage: 113172kB
  -> Seq Scan on bookings b (actual rows=2111110 loops=1)
(8 rows)

=> RESET work_mem;
```

이는 쿼리에서 불필요한 필드를 참조하지 않도록 해야 하는 또 다른 이유이다(예를 들어, `*`를 사용하는 경우)

선택된 버킷의 개수는 해시 테이블이 데이터로 완전히 채워졌을 때 각 버킷이 평균적으로 하나의 행만을 포함하도록 보장해야 한다. 
밀도가 높아지면 해시 충돌이 증가하여 검색 효율이 떨어지고, 너무 적은 밀도로 해시 테이블을 구성하면 메모리를 과도하게 차지한다. 버킷의 추정 개수는 2의 제곱수에 가장 가깝게 증가한다. [^4]

(해시 테이블의 예상 크기가  단일 행의 평균 너비를 기준으로 한 메모리 한도를 초과하는 경우, two-pass-hashing(2단계 해싱)이 적용된다.)

해시 조인은 해시 테이블이 완전히 구축될 때까지 결과를 반환할 수 없다.


두 번째 단계에서 (해시 테이블은 이미 구축된 상태), *Hash Join*노드는 두 번째 자식 노드를 호출해 외부 집합의 행들을 가져온다.  스캔된 각 행에 대해, 해시 테이블에서 일치하는 항목을 검사한다.
이를 위해, 외부 집합의 조인 조건에 포함된 열들에 대해 해쉬 키를 계산해야 한다.

![250](_static/Pasted%20image%2020241023135721.png)

찾아낸 일치 항목들은 부모 노드로 반환된다.


## Cost estimation

우리는 이미 cardinality 추정에 대해 다뤘다; 이는 조인 방식에 의존하지 않으므로, 이제 비용 추정에 집중하자.

*Hash*노드의 비용은 자식 노드의 총 비용으로 표현된다.
이는 단순히 계획에서 자리를 채우는 더미 숫자이다.[^5] 모든 실제 추정은 *Hash Join*노드의 비용에 포함된다.[^6]

예시 : 

```sql
EXPLAIN (analyze, timing off, summary off)
SELECT * FROM flights f
JOIN seats s ON s.aircraft_code = f.aircraft_code;
QUERY PLAN
────────────────────────────────────────────────────────────────────────────
Hash Join
  (cost=38.13..278507.28 rows=16518865 width=78)
  (actual rows=16518865 loops=1)
  Hash Cond: (f.aircraft_code = s.aircraft_code)
  -> Seq Scan on flights f
       (cost=0.00..4772.67 rows=214867 width=...)
       (actual rows=214867 loops=1)
  -> Hash
       (cost=21.39..21.39 rows=1339 width=15)
       (actual rows=1339 loops=1)
       Buckets: 2048  Batches: 1  Memory Usage: 79kB
  -> Seq Scan on seats s
       (cost=0.00..21.39 rows=1339 width=15)
       (actual rows=1339 loops=1)
(10 rows)
```

조인의 시작 비용은 주로 해시 테이블 생성 비용을 반영하며, 다음 요소들을 포함한다 : 

- 해시 테이블을 생성하기 위한 내부 집합을 가져오는 총 비용
- 조인 키에 포함된 컬럼들에 대해 해시 함수를 계산하는 비용(내부 집합의 행마다 *cpu_operator_cost(0.0025)*)
- 해시 테이블에 내부 행을 삽입하는 비용(행마다 *cpu_tuple_cost(0.01)*)
- 조인 작업을 수행하기 위해 외부 집합을 가져오는 비용

총 비용 구성은 시작 비용과 조인 자체의 비용으로 구성된다  :
- 외부 집합의 각 행에 대해 조인 키에 포함된 모든 컬럼에 대한 해시값 계산 비용(cpu_operator_cost)
- 해시 충돌을 해결하기 위한 조인 재확인 비용(각 확인된 연산자당 *cpu_operator_cost*)
- 결과 행을 처리하는 비용(*cpu_tuple_cost*)

필요한 재확인 횟수를 추정하는 것이 가장 어렵다. 이는 외부 집합의 행 수에 내부 집합(해시 테이블에 저장된)의 일부 비율을 곱하여 계산된다.
이 비율을 추정하기 위해, 플래너는 데이터 분포가 비균등할 수 있다는 점을 고려해야 한다. 이 계산의 세부사항은 생략하겠다; 특정 경우에, 이 비율이 0.150112로 추정된다.

따라서, 우리의 쿼리 비용은 다음과 같이 추정된다 : 

```sql
WITH cost(startup) AS (
  SELECT round((
    21.39 +
    current_setting('cpu_operator_cost')::real * 1339 +
    current_setting('cpu_tuple_cost')::real * 1339 +
    0.00
  )::numeric, 2)
)
SELECT startup,
  startup + round((
    4772.67 +
    current_setting('cpu_operator_cost')::real * 214867 +
    current_setting('cpu_operator_cost')::real * 214867 * 1339 * 0.150112 +
    current_setting('cpu_tuple_cost')::real * 16518865
  )::numeric, 2) AS total
FROM cost;
startup | total
──────────+────────────
38.13    | 278507.26
(1 row)
```

그리고 의존성 그래프 :

![400](_static/Pasted%20image%2020241023153327.png)




[^1]:[ backend/executor/nodeHashjoin.c](https://git.postgresql.org/gitweb/?p=postgresql.git;a=blob;f=src/backend/executor/nodeHashjoin.c;hb=REL_14_STABLE)
[^2]:[backend/executor/nodeHash.c](https://git.postgresql.org/gitweb/?p=postgresql.git;a=blob;f=src/backend/executor/nodeHash.c;hb=REL_14_STABLE)

[^3]:[ backend/utils/hash/dynahash.c](https://git.postgresql.org/gitweb/?p=postgresql.git;a=blob;f=src/backend/utils/hash/dynahash.c;hb=REL_14_STABLE)

[^4]:[ backend/executor/nodeHash.c, ExecChooseHashTableSize function](https://git.postgresql.org/gitweb/?p=postgresql.git;a=blob;f=src/backend/executor/nodeHash.c;hb=REL_14_STABLE)

[^5]:[ backend/optimizer/plan/createplan.c, create_hashjoin_plan function](https://git.postgresql.org/gitweb/?p=postgresql.git;a=blob;f=src/backend/optimizer/plan/createplan.c;hb=REL_14_STABLE)
[^6]:[backend/optimizer/path/costsize.c, initial_cost_hashjoin and final_cost_hashjoin functions](https://git.postgresql.org/gitweb/?p=postgresql.git;a=blob;f=src/backend/optimizer/path/costsize.c;hb=REL_14_STABLE)

[^7]:[ backend/utils/adt/selfuncs.c, estimate_hash_bucket_stats function](https://git.postgresql.org/gitweb/?p=postgresql.git;a=blob;f=src/backend/utils/adt/selfuncs.c;hb=REL_14_STABLE)