
비록 읿반 해시 조인이 병렬 계획에서 매우 효율적일 수 있지만(특히 내부 집합이 작을 땐, 병렬 처리가 큰 의미가 없지만), 더 큰 데이터셋은 특별한 병렬 해시 조인 알고리즘으로 처리하는 것이 더 좋다.

이 알고리즘의 병렬 버전에서 중요한 차이점은 해시 테이블이  동적으로 할당된 공유 메모리에서 생성된다는 점이다. 이 메모리에는 조인 작업의 모든 병렬 프로세스들이 접근할 수 있다.
여러 개의 개별 해시 테이블 대신 하나의 공통 해시 테이블이 생성되며, 이는 참여하는 모든 프로세스에 할당된 총 메모리를 사용한다. 이는 조인을 한번에 끝낼 확률을 높인다.

첫 단계에서 *(계획에서 Parallel Hash노드 )*, 모든 병렬 프로세스가 내부 집합에 대한 병렬 접근을 통해 해시 테이블을 구축한다. [^1]

![500](_static/Pasted%20image%2020241024094125.png)

계속 진행하려면, 각 병렬 프로세스는 첫 번째 단계의 처리를 완료해야 한다.[^2]

두번째 단계에서는 *(Parallel Hash Join노드)* 프로세스는 다시 병렬로 실행되어 외부 집합의 자신에게 할당된 행들을  이미 구축한 해시 테이블과 대조한다. [^3]

![400](_static/Pasted%20image%2020241024094530.png)

이러한 계획의 예시 :

```sql
=> SET work_mem = '64MB';
=> EXPLAIN (analyze, costs off, timing off, summary off)
SELECT count(*)
FROM bookings b
JOIN tickets t ON t.book_ref = b.book_ref;
QUERY PLAN
─────────────────────────────────────────────────────────────────────────
Finalize Aggregate (actual rows=1 loops=1)
 -> Gather (actual rows=3 loops=1)
    Workers Planned: 2
    Workers Launched: 2
    -> Partial Aggregate (actual rows=1 loops=3)
       -> Parallel Hash Join (actual rows=983286 loops=3)
          Hash Cond: (t.book_ref = b.book_ref)
          -> Parallel Index Only Scan using tickets_book_ref...
             Heap Fetches: 0
          -> Parallel Hash (actual rows=703703 loops=3)
             Buckets: 4194304
             Batches: 1
             Memory Usage: 115392kB
             -> Parallel Seq Scan on bookings b (actual rows=703703 loops=3)
(13 rows)
=> RESET work_mem;

```

[이전섹션](book/Part4_Query%20Execution/22_Hashing/22.1.4%20Hash%20Joins-Using%20Hash%20Joins%20in%20Parallel%20Plans.md)과 동일한 쿼리이지만, 이전엔 *enbale_parallel_hash* 파라미터가 꺼져있어서 병렬 해시 조인이 비활성화됬다.


이전에 보여준 일반 해시 조인과 비교해 사용 가능한 메모리가 절반으로 줄어들었지만, 병렬 프로세스에 할당된 메모리(메모리 사용량)을 모두 사용하기 때문에 작업은 여전히 한 번의 패스로 완료된다.
해시 테이블은 조금 더 커졌지만, 이제 하나의 해시 테이블을 사용하기 때문에 총 메모리 사용량은 감소했다.





[^1]:[backend/executor/nodeHash.c, MultiExecParallelHash function](https://git.postgresql.org/gitweb/?p=postgresql.git;a=blob;f=src/backend/executor/nodeHash.c;hb=REL_14_STABLE)
[^2]:[backend/storage/ipc/barrier.c](https://git.postgresql.org/gitweb/?p=postgresql.git;a=blob;f=src/backend/storage/ipc/barrier.c;hb=REL_14_STABLE)
[^3]:[backend/executor/nodeHashjoin.c, ExecParallelHashJoin function](https://git.postgresql.org/gitweb/?p=postgresql.git;a=blob;f=src/backend/executor/nodeHashjoin.c;hb=REL_14_STABLE)