값을 그룹화하여 집계하고 중복을 제거하는 알고리즘은 조인 알고리즘과 매우 유사하다. 
이 알고리즘에서 사용할 수 있는 접근 방식 중 하나는 필요한 열들에 대해 해시 테이블을 구축하는 것이다. 값이 이미 해시 테이블에 존재하지 않는 경우에만 해당 값이 해시 테이블에 포함된다. 
결과적으로, 해시 테이블은 모든 고유값을 축적하게 된다.

해시 집계를 수행하는 노드를 *HashAggerate* [^1] 라고 한다.
이 노드를 사용하는 몇 가지 상황을 살펴보자.
각 여행 클래스별 좌석 수를 구하는 예시(GROUP BY):

```sql
=> EXPLAIN (costs off) 
SELECT fare_conditions, count(*)
FROM seats
GROUP BY fare_conditions;
QUERY PLAN
──────────────────────────────────────────────────────────
HashAggregate
  Group Key: fare_conditions
  -> Seq Scan on seats
(3 rows)
```

여행 클래스 목록(distinct) : 
```sql
=> EXPLAIN (costs off) 
SELECT DISTINCT fare_conditions
FROM seats;
QUERY PLAN
──────────────────────────────────────────────────────────
HashAggregate
  Group Key: fare_conditions
  -> Seq Scan on seats
(3 rows)
```

여행 클래스 목록 + 단일값(UNION)
```sql
=> EXPLAIN (costs off)
SELECT fare_conditions
FROM seats
UNION
SELECT NULL;
QUERY PLAN
──────────────────────────────────────────────────────────
HashAggregate
  Group Key: seats.fare_conditions
  -> Append
     -> Seq Scan on seats
     -> Result
(5 rows)
```

*Append* 노드는 두 집합을 결합하지만, 중복을 제거하지는 않는다. 하지만 union에는 중복이 나타나면 안 되므로, 중복은 *HashAggregate*노드에 의해 별도로 제거되어야 한다.

해시 테이블에 할당된 메모리 크기는 `work_mem X hash_mem_multiplier` 값으로, 해시 조인과 동일하다.

만약 해시 테이블이 할당된 메모리에 맞다면, 집계는 단일 배치를 사용한다 : 

```sql
=> EXPLAIN (analyze, costs off, timing off, summary off)
SELECT DISTINCT amount FROM ticket_flights;
QUERY PLAN
──────────────────────────────────────────────────────────
HashAggregate (actual rows=338 loops=1)
  Group Key: amount
  Batches: 1
  Memory Usage: 61kB
  -> Seq Scan on ticket_flights (actual rows=8391852 loops=1)
(4 rows)
```

*amounts* 필드에 고유한 값들이 많지 않아, 해시 테이블은 61KB만 사용한다.

해시 테이블이 할당된 메모리르 채우면, 그 이후의 모든 값은 임시 파일로 넘겨지고, 해시 값이 몇 비트를 기준으로 파티션으로 그룹된다.
이 파티션의 수는 2의 제곱이며 각 파티션의 해시 테이블이 메모리에 맞게 선택된다.
추정의 정확도는 수집된 통계에 따라 달라지므로, 얻은 숫자는 1.5배로 곱해져 파티션 크기를 줄이고, 각 파티션을 한 번에 처리할 가능성을 높인다. [^2]

전체 집합이 스캔되면, 노드는 해시 테이블에 들어간 값들에 대한 집계 결과를 반환한다.

그 후 해시 테이블이 비워지고, 이전 단계에서 임시 파일에 저장된 파티션이 각각 스캔되고, 다른 행 집합처럼 처리된다.
만약 해시 테이블이 여전히 할당된 메모리를 초과한다면, 넘치는 행들은 다시 파티션으로 나뉘어 디스크에 기록되며, 추가 처리를 위해 남겨진다.

과도한 I/O를 피하기 위해, two-pass 해시 조인 알고리즘은 MVCS를 첫 배치로 옮긴다. 
집계에서는, 이러한 최적화는 불필요하다 : 할당된 메모리에 맞는 행들은 파티션으로 나뉘지 않으며, MVCS는 일찍 발생하여 RAM에 저장될 가능성이 높다.

```sql
=> EXPLAIN (analyze, costs off, timing off, summary off)
SELECT DISTINCT flight_id FROM ticket_flights;
QUERY PLAN
──────────────────────────────────────────────────────────
HashAggregate (actual rows=150588 loops=1)
  Group Key: flight_id
  Batches: 5
  Memory Usage: 4145kB
  Disk Usage: 98184kB
  -> Seq Scan on ticket_flights (actual rows=8391852 loops=1)
(4 rows)
```

이 예시에서, 고유한 ID의 수가 비교적 많아서, 해시 테이블이 할당된 메모리에 맞지 않는다.
쿼리를 수행하는데 5개의 배치가 필요하며 : 하나는 초기 데이터 집합을 처리하기 위해서고, 4개는 디스크에 기록된 파티션을 처리하기 위해서이다.





[^1]:[backend/executor/nodeAgg.c](https://git.postgresql.org/gitweb/?p=postgresql.git;a=blob;f=src/backend/executor/nodeAgg.c;hb=REL_14_STABLE)
[^2]:[backend/executor/nodeAgg.c, hash_choose_num_partitions function](https://git.postgresql.org/gitweb/?p=postgresql.git;a=blob;f=src/backend/executor/nodeAgg.c;hb=REL_14_STABLE)